<?xml version="1.0" encoding="UTF-8"?>
<robot generator="Robot 4.1.3 (Python 3.8.2 on win32)" generated="20220120 17:22:46.370" rpa="false" schemaversion="2">
<suite id="s1" name="TestsCasesAPIBooks" source="C:\Users\Abner Rodrigues\Desktop\SuiteSiteTestePractice\BooksAPI\TestsCasesAPIBooks.robot">
<kw name="Conectar a minha API" library="ResourceAPI" type="SETUP">
<kw name="Create Session" library="RequestsLibrary">
<arg>FakeAPI</arg>
<arg>${URL_API}</arg>
<doc>Create Session: create a HTTP session to a server</doc>
<msg timestamp="20220120 17:22:46.596" level="INFO">Creating Session using : alias=FakeAPI, url=https://fakerestapi.azurewebsites.net/api/v1/, headers={},                     cookies={}, auth=None, timeout=None, proxies=None, verify=False,                     debug=0 </msg>
<status status="PASS" starttime="20220120 17:22:46.595" endtime="20220120 17:22:46.598"/>
</kw>
<kw name="Create Dictionary" library="BuiltIn">
<var>${HEADERS}</var>
<arg>content-type=application/json</arg>
<doc>Creates and returns a dictionary based on the given ``items``.</doc>
<msg timestamp="20220120 17:22:46.598" level="INFO">${HEADERS} = {'content-type': 'application/json'}</msg>
<status status="PASS" starttime="20220120 17:22:46.598" endtime="20220120 17:22:46.598"/>
</kw>
<kw name="Set Suite Variable" library="BuiltIn">
<arg>${HEADERS}</arg>
<doc>Makes a variable available everywhere within the scope of the current suite.</doc>
<msg timestamp="20220120 17:22:46.599" level="INFO">${HEADERS} = {'content-type': 'application/json'}</msg>
<status status="PASS" starttime="20220120 17:22:46.598" endtime="20220120 17:22:46.599"/>
</kw>
<status status="PASS" starttime="20220120 17:22:46.584" endtime="20220120 17:22:46.599"/>
</kw>
<test id="s1-t1" name="Buscar a listagem de todos os livros (GET em todos os livros)">
<kw name="Requisitar todos os livros" library="ResourceAPI">
<kw name="Get Request" library="RequestsLibrary">
<var>${RESPOSTA}</var>
<arg>FakeAPI</arg>
<arg>Books</arg>
<doc>Send a GET request on the session object found using the
given `alias`</doc>
<msg timestamp="20220120 17:22:54.338" level="INFO">GET Request : url=https://fakerestapi.azurewebsites.net/api/v1//Books 
 path_url=/api/v1//Books 
 headers={'User-Agent': 'python-requests/2.24.0', 'Accept-Encoding': 'gzip, deflate', 'Accept': '*/*', 'Connection': 'keep-alive'} 
 body=None 
 </msg>
<msg timestamp="20220120 17:22:54.338" level="INFO">GET Response : url=https://fakerestapi.azurewebsites.net/api/v1//Books 
 status=200, reason=OK 
 body=[{"id":1,"title":"Book 1","description":"Nulla odio dolor assum duo lobortis dolores elitr tation amet. Accusam sed sed. Consetetur at nonumy rebum est accusam magna duis. Consetetur ea tempor no ullamcorper et illum vero sit invidunt luptatum rebum at et ut at blandit. Vulputate no et laoreet in et amet no no. Lorem tation tation at ut amet rebum amet praesent sit kasd dolor consequat. Magna ut nam dolores labore dolor dolores. Eirmod te est justo sea sed amet lorem labore. Et est sea duo invidunt et dolores rebum accusam est dolores clita consequat ut tation. Aliquyam ut takimata nonumy nonumy sit magna in no laoreet ipsum ea veniam sanctus ipsum vel aliquyam stet. Rebum hendrerit autem minim et aliquyam autem eum tempor. Magna accusam ea justo doming wisi invidunt voluptua magna in est ipsum gubergren dignissim est facilisis rebum. Clita diam dolor elitr sed gubergren eros justo velit volutpat et mazim accusam eos luptatum nisl et elitr magna. Magna imperdiet clita tempor laoreet option ea sit magna amet et augue invidunt illum nostrud dolore in dolore dolor.\n","pageCount":100,"excerpt":"Amet no esse ipsum dolore illum vero clita ut kasd consequat voluptua sit. Sed amet stet clita et gubergren lorem et ea diam vero dolore diam vero takimata duo stet. Amet invidunt sed magna sit tation eum ipsum. No sed dolore amet ut gubergren volutpat takimata clita lorem takimata. Lorem molestie eirmod sed laoreet. Et sit stet diam delenit amet est. Tation diam consequat clita dolor volutpat sit velit et takimata accusam. Sadipscing erat lorem velit et. Justo sed ut vulputate invidunt molestie dolor ut lorem hendrerit no sed ipsum aliquyam. Rebum accusam erat lorem elitr magna rebum invidunt amet dolore. Commodo ullamcorper ipsum. Est nonumy est stet erat sit zzril magna sit duo adipiscing clita diam elitr. Facilisis et suscipit ipsum takimata clita accusam ad ipsum lorem lorem adipiscing dolore. Erat accusam eos et eos erat dolores quis dolores lorem ipsum. Ullamcorper ipsum labore ipsum vero laoreet at nonumy molestie est in sed sed doming labore velit. Sed elitr sit lorem ea est aliquip. No duo eleifend.\nVel magna stet et aliquip ullamcorper sit elitr eu. Invidunt dolore clita duis autem. Sadipscing justo ea kasd no elitr sed. Lobortis labore et eirmod nonumy wisi tempor placerat et eirmod ad clita et est. No est accusam ut lorem tempor nonumy ipsum sit no consequat facilisi erat dolores dolor tempor quod amet. Sed nibh et dolore aliquyam labore. Accusam accusam sea quis et rebum et aliquyam sanctus sit amet no. Sanctus invidunt eirmod et ad. Dolore esse clita laoreet hendrerit eu clita kasd. Consetetur dolor voluptua lorem diam labore stet dolore lorem imperdiet. Eum sit est et est elitr justo tempor ipsum erat takimata erat invidunt justo. Tempor diam consequat magna wisi amet aliquyam dolor ipsum et tempor sit dolore tempor dolor.\nWisi in sit diam ullamcorper lorem feugait ipsum ad. At iusto at odio nibh lorem dolor magna dolor ut option. Ipsum te ipsum gubergren quis molestie dolores duo eu dolor ut illum vel vulputate at dolor ea et et.\nDolor lorem sea dolores kasd voluptua vel nisl eirmod hendrerit amet erat. Et sed elit dolore sadipscing et augue ut sit no et gubergren esse dolor sanctus ipsum. Amet at iusto nihil ea et sanctus. Duis magna sed dolor ipsum dolore et. Vel odio dolores tempor erat gubergren congue duo suscipit eirmod no dolor in nam ipsum duo. Magna ipsum eleifend sed consetetur magna eum dolor et gubergren velit sed lorem sea magna no. Praesent vel hendrerit exerci diam. Eirmod at elit magna dolor sea sed diam. Gubergren dolor dolor sit sanctus vel est justo exerci takimata eirmod lorem magna et clita at vel sadipscing. Dolore duo et vero vero et kasd dolor sit erat iriure wisi diam. Nonummy eos erat magna exerci kasd aliquyam duis labore et voluptua illum duo sanctus at. Lobortis ad accusam dolores eirmod te magna. Suscipit diam in dolor dolore diam eirmod nonummy. Justo lobortis tempor erat duis delenit sadipscing consectetuer sed sadipscing dolores amet accusam lorem vero ut nisl invidunt invidunt. Dolores kasd augue enim sed diam dolore sea consetetur takimata est ut sit diam dolor. Rebum no no aliquyam praesent sadipscing. Takimata amet facilisi aliquyam sanctus luptatum et duo amet ipsum dolor et.\nEa consetetur accusam eos elitr eu diam blandit at lorem lorem gubergren duis qui nulla stet. Erat sit eos ipsum blandit elitr. Facilisis dolore ea consetetur kasd feugiat laoreet. Et eirmod dolore amet te. Et lorem no volutpat aliquip amet nibh est no vero luptatum takimata eirmod. Ullamcorper at dolores lobortis dolore lorem vero eos consetetur ea justo eirmod iriure et.\n","publishDate":"2022-01-19T20:22:48.0921801+00:00"},{"id":2,"title":"Book 2","description":"Ipsum sea minim clita augue elitr ipsum. Clita ut kasd elitr ipsum rebum no consequat. Nihil voluptua at dolor sea ut justo sadipscing. Nibh takimata no eirmod nonumy dolores stet gubergren sea justo commodo diam. Blandit nulla at takimata adipiscing et ipsum dolor accusam est duo magna lorem vulputate adipiscing clita exerci justo. Consetetur luptatum magna liber sadipscing gubergren imperdiet dolor. Vero nonumy ipsum clita sit amet erat eirmod dolore elitr et. Sit et dolore. Accusam duo consetetur ut eu vero dolores ad sanctus in tempor euismod vulputate dolor consetetur eos et. Gubergren ut dolor ipsum amet dolore aliquyam et dolore est justo consetetur at et in sit. Dolor dolor vel consetetur. Volutpat at takimata at magna et ipsum hendrerit sadipscing no exerci et sea sit sea. Hendrerit labore sit sed volutpat tempor vero lorem kasd et amet.\n","pageCount":200,"excerpt":"Et ipsum et dolore diam delenit et diam consequat lobortis et et at labore lorem. Sed elitr sanctus luptatum takimata dolor sed eos duo. Ut eirmod no commodo lorem delenit eos dolores lorem eos sit consectetuer in diam vero eos gubergren eos no. Justo magna ut stet. Et justo takimata sed aliquyam. Accumsan erat labore nihil justo dolores ut et stet nonumy amet eum hendrerit. Dolor takimata invidunt ut dolore et invidunt feugiat amet et. No amet sadipscing ea minim in ipsum ipsum eirmod sed sanctus esse diam sit. Labore lorem ipsum amet ut lorem ut. No elitr amet wisi et. Et sadipscing dolor sea zzril dolores erat takimata illum accumsan sit molestie consetetur dolores. Duo accusam sit consequat dolor dolore sadipscing ut dolore justo velit facilisi in wisi. Elitr consetetur magna eos magna rebum eu tempor diam. Dolor ut invidunt stet amet dolore dolor elitr blandit tempor iriure aliquyam. Rebum euismod ipsum nulla facilisis ad et sadipscing ipsum vero dolor ea vero lorem sed dolore.\nPossim molestie ut velit no facilisi magna ipsum lorem justo stet ipsum. Justo at kasd eirmod no tempor sea dolores accusam qui at ipsum nisl lorem dolor ipsum duis sit. Amet ut ipsum diam elitr sit sed zzril dolore et nisl amet nisl. Esse ut amet lorem nonumy voluptua augue dolor stet elitr diam sea. Zzril labore no voluptua amet nonumy et nonumy autem ipsum consetetur et lobortis. Dolor facilisis sanctus ut. Lorem velit sit esse amet elitr eos accusam enim kasd rebum at. Lorem erat amet eirmod no in eirmod no et nonummy. Aliquyam sadipscing erat et lorem erat illum rebum sit dolor invidunt facilisi esse justo nulla consetetur in no nisl. Invidunt sed sanctus laoreet. Et sadipscing dolor stet.\nAugue sadipscing dolores odio ipsum lorem invidunt ipsum aliquyam sed nobis ipsum gubergren facilisis autem duo justo. Sit duis diam eirmod. Nulla et lorem lorem luptatum clita ad rebum ea. Option nonumy nostrud ipsum dolore sanctus dolores kasd sed consectetuer luptatum sanctus. Consetetur dolor tation vel erat magna consetetur. Dolor ut erat ipsum ut in elitr ipsum dignissim consequat eirmod invidunt duo. Dolor no ipsum stet invidunt in eleifend dolores nisl diam labore sanctus stet dignissim dolore kasd. Voluptua duis diam luptatum ipsum clita nostrud. Consetetur dolor stet eirmod eu sit accusam tempor dolore no sea et sit at dolor lorem ea tempor lorem. Gubergren sit no et nulla sed at aliquyam et clita no clita et. Ipsum magna stet. Eirmod sed gubergren feugait sadipscing est clita. Lorem et amet diam lorem diam accusam dolore et sed et lorem vero labore duis eos.\nTempor accusam at tempor minim esse dolores lorem sea esse erat ipsum vero sanctus dolor. Nibh elitr consequat sit ea kasd kasd erat. Sed velit luptatum. Stet lobortis clita et voluptua dolor est vero tempor. Eirmod et dolor takimata rebum facilisi dolore consetetur et lobortis ea nihil in. Dolor feugait magna sea assum quod te duis ea amet nobis consequat sadipscing gubergren labore ipsum consetetur. Labore euismod eros delenit facilisi ex dolore sadipscing eirmod facilisi ea vel wisi eum. Ea sadipscing kasd justo. Eirmod tempor nulla aliquam justo no sit sed stet velit stet at. Dolor ex est mazim lorem nonumy esse dolore eros diam velit sit amet augue facilisis consetetur lorem. Ea amet sadipscing sed et diam rebum invidunt sit lorem facilisis eirmod no lorem no ea magna et. Et dolor ea diam facilisi minim eos velit sed at ea eos et eos facilisis nulla erat no aliquam. Ullamcorper eirmod sed possim cum dolore nam et. Invidunt accumsan sanctus. Stet duo ea diam aliquyam et sanctus lorem feugiat odio sea at consetetur lorem ipsum sadipscing. Justo zzril lorem nonumy et accusam ut gubergren labore. Elitr nonumy dignissim amet amet sit duo vero gubergren odio wisi molestie. Accumsan sit ut elit no diam est et.\nSea autem diam sit kasd et et ea amet et. Dolore tation voluptua tempor accusam hendrerit et eu dolore feugiat praesent erat nonumy te justo hendrerit sit gubergren invidunt. Eu no eos liber vero. Sadipscing ut ut consequat ut autem. Erat sea erat. Clita erat elit te. Erat facilisi rebum no vero est sit gubergren iriure feugait dolore vero. Magna at elitr takimata diam stet kasd dolore dolor wisi assum duo blandit et aliquam ut. Ut eum iriure at amet amet amet diam. Exerci est kasd elitr sit iusto dolore dolores iriure... (set the log level to DEBUG or TRACE to see the full content) 
 </msg>
<msg timestamp="20220120 17:22:54.338" level="INFO">C:\Users\Abner Rodrigues\AppData\Local\Programs\Python\Python38\lib\site-packages\urllib3\connectionpool.py:981: InsecureRequestWarning: Unverified HTTPS request is being made to host 'fakerestapi.azurewebsites.net'. Adding certificate verification is strongly advised. See: https://urllib3.readthedocs.io/en/latest/advanced-usage.html#ssl-warnings
  warnings.warn(</msg>
<msg timestamp="20220120 17:22:54.338" level="INFO">${RESPOSTA} = &lt;Response [200]&gt;</msg>
<status status="PASS" starttime="20220120 17:22:46.600" endtime="20220120 17:22:54.338"/>
</kw>
<kw name="Log" library="BuiltIn">
<arg>${RESPOSTA.text}</arg>
<doc>Logs the given message with the given level.</doc>
<msg timestamp="20220120 17:22:54.347" level="INFO">[{"id":1,"title":"Book 1","description":"Nulla odio dolor assum duo lobortis dolores elitr tation amet. Accusam sed sed. Consetetur at nonumy rebum est accusam magna duis. Consetetur ea tempor no ullamcorper et illum vero sit invidunt luptatum rebum at et ut at blandit. Vulputate no et laoreet in et amet no no. Lorem tation tation at ut amet rebum amet praesent sit kasd dolor consequat. Magna ut nam dolores labore dolor dolores. Eirmod te est justo sea sed amet lorem labore. Et est sea duo invidunt et dolores rebum accusam est dolores clita consequat ut tation. Aliquyam ut takimata nonumy nonumy sit magna in no laoreet ipsum ea veniam sanctus ipsum vel aliquyam stet. Rebum hendrerit autem minim et aliquyam autem eum tempor. Magna accusam ea justo doming wisi invidunt voluptua magna in est ipsum gubergren dignissim est facilisis rebum. Clita diam dolor elitr sed gubergren eros justo velit volutpat et mazim accusam eos luptatum nisl et elitr magna. Magna imperdiet clita tempor laoreet option ea sit magna amet et augue invidunt illum nostrud dolore in dolore dolor.\n","pageCount":100,"excerpt":"Amet no esse ipsum dolore illum vero clita ut kasd consequat voluptua sit. Sed amet stet clita et gubergren lorem et ea diam vero dolore diam vero takimata duo stet. Amet invidunt sed magna sit tation eum ipsum. No sed dolore amet ut gubergren volutpat takimata clita lorem takimata. Lorem molestie eirmod sed laoreet. Et sit stet diam delenit amet est. Tation diam consequat clita dolor volutpat sit velit et takimata accusam. Sadipscing erat lorem velit et. Justo sed ut vulputate invidunt molestie dolor ut lorem hendrerit no sed ipsum aliquyam. Rebum accusam erat lorem elitr magna rebum invidunt amet dolore. Commodo ullamcorper ipsum. Est nonumy est stet erat sit zzril magna sit duo adipiscing clita diam elitr. Facilisis et suscipit ipsum takimata clita accusam ad ipsum lorem lorem adipiscing dolore. Erat accusam eos et eos erat dolores quis dolores lorem ipsum. Ullamcorper ipsum labore ipsum vero laoreet at nonumy molestie est in sed sed doming labore velit. Sed elitr sit lorem ea est aliquip. No duo eleifend.\nVel magna stet et aliquip ullamcorper sit elitr eu. Invidunt dolore clita duis autem. Sadipscing justo ea kasd no elitr sed. Lobortis labore et eirmod nonumy wisi tempor placerat et eirmod ad clita et est. No est accusam ut lorem tempor nonumy ipsum sit no consequat facilisi erat dolores dolor tempor quod amet. Sed nibh et dolore aliquyam labore. Accusam accusam sea quis et rebum et aliquyam sanctus sit amet no. Sanctus invidunt eirmod et ad. Dolore esse clita laoreet hendrerit eu clita kasd. Consetetur dolor voluptua lorem diam labore stet dolore lorem imperdiet. Eum sit est et est elitr justo tempor ipsum erat takimata erat invidunt justo. Tempor diam consequat magna wisi amet aliquyam dolor ipsum et tempor sit dolore tempor dolor.\nWisi in sit diam ullamcorper lorem feugait ipsum ad. At iusto at odio nibh lorem dolor magna dolor ut option. Ipsum te ipsum gubergren quis molestie dolores duo eu dolor ut illum vel vulputate at dolor ea et et.\nDolor lorem sea dolores kasd voluptua vel nisl eirmod hendrerit amet erat. Et sed elit dolore sadipscing et augue ut sit no et gubergren esse dolor sanctus ipsum. Amet at iusto nihil ea et sanctus. Duis magna sed dolor ipsum dolore et. Vel odio dolores tempor erat gubergren congue duo suscipit eirmod no dolor in nam ipsum duo. Magna ipsum eleifend sed consetetur magna eum dolor et gubergren velit sed lorem sea magna no. Praesent vel hendrerit exerci diam. Eirmod at elit magna dolor sea sed diam. Gubergren dolor dolor sit sanctus vel est justo exerci takimata eirmod lorem magna et clita at vel sadipscing. Dolore duo et vero vero et kasd dolor sit erat iriure wisi diam. Nonummy eos erat magna exerci kasd aliquyam duis labore et voluptua illum duo sanctus at. Lobortis ad accusam dolores eirmod te magna. Suscipit diam in dolor dolore diam eirmod nonummy. Justo lobortis tempor erat duis delenit sadipscing consectetuer sed sadipscing dolores amet accusam lorem vero ut nisl invidunt invidunt. Dolores kasd augue enim sed diam dolore sea consetetur takimata est ut sit diam dolor. Rebum no no aliquyam praesent sadipscing. Takimata amet facilisi aliquyam sanctus luptatum et duo amet ipsum dolor et.\nEa consetetur accusam eos elitr eu diam blandit at lorem lorem gubergren duis qui nulla stet. Erat sit eos ipsum blandit elitr. Facilisis dolore ea consetetur kasd feugiat laoreet. Et eirmod dolore amet te. Et lorem no volutpat aliquip amet nibh est no vero luptatum takimata eirmod. Ullamcorper at dolores lobortis dolore lorem vero eos consetetur ea justo eirmod iriure et.\n","publishDate":"2022-01-19T20:22:48.0921801+00:00"},{"id":2,"title":"Book 2","description":"Ipsum sea minim clita augue elitr ipsum. Clita ut kasd elitr ipsum rebum no consequat. Nihil voluptua at dolor sea ut justo sadipscing. Nibh takimata no eirmod nonumy dolores stet gubergren sea justo commodo diam. Blandit nulla at takimata adipiscing et ipsum dolor accusam est duo magna lorem vulputate adipiscing clita exerci justo. Consetetur luptatum magna liber sadipscing gubergren imperdiet dolor. Vero nonumy ipsum clita sit amet erat eirmod dolore elitr et. Sit et dolore. Accusam duo consetetur ut eu vero dolores ad sanctus in tempor euismod vulputate dolor consetetur eos et. Gubergren ut dolor ipsum amet dolore aliquyam et dolore est justo consetetur at et in sit. Dolor dolor vel consetetur. Volutpat at takimata at magna et ipsum hendrerit sadipscing no exerci et sea sit sea. Hendrerit labore sit sed volutpat tempor vero lorem kasd et amet.\n","pageCount":200,"excerpt":"Et ipsum et dolore diam delenit et diam consequat lobortis et et at labore lorem. Sed elitr sanctus luptatum takimata dolor sed eos duo. Ut eirmod no commodo lorem delenit eos dolores lorem eos sit consectetuer in diam vero eos gubergren eos no. Justo magna ut stet. Et justo takimata sed aliquyam. Accumsan erat labore nihil justo dolores ut et stet nonumy amet eum hendrerit. Dolor takimata invidunt ut dolore et invidunt feugiat amet et. No amet sadipscing ea minim in ipsum ipsum eirmod sed sanctus esse diam sit. Labore lorem ipsum amet ut lorem ut. No elitr amet wisi et. Et sadipscing dolor sea zzril dolores erat takimata illum accumsan sit molestie consetetur dolores. Duo accusam sit consequat dolor dolore sadipscing ut dolore justo velit facilisi in wisi. Elitr consetetur magna eos magna rebum eu tempor diam. Dolor ut invidunt stet amet dolore dolor elitr blandit tempor iriure aliquyam. Rebum euismod ipsum nulla facilisis ad et sadipscing ipsum vero dolor ea vero lorem sed dolore.\nPossim molestie ut velit no facilisi magna ipsum lorem justo stet ipsum. Justo at kasd eirmod no tempor sea dolores accusam qui at ipsum nisl lorem dolor ipsum duis sit. Amet ut ipsum diam elitr sit sed zzril dolore et nisl amet nisl. Esse ut amet lorem nonumy voluptua augue dolor stet elitr diam sea. Zzril labore no voluptua amet nonumy et nonumy autem ipsum consetetur et lobortis. Dolor facilisis sanctus ut. Lorem velit sit esse amet elitr eos accusam enim kasd rebum at. Lorem erat amet eirmod no in eirmod no et nonummy. Aliquyam sadipscing erat et lorem erat illum rebum sit dolor invidunt facilisi esse justo nulla consetetur in no nisl. Invidunt sed sanctus laoreet. Et sadipscing dolor stet.\nAugue sadipscing dolores odio ipsum lorem invidunt ipsum aliquyam sed nobis ipsum gubergren facilisis autem duo justo. Sit duis diam eirmod. Nulla et lorem lorem luptatum clita ad rebum ea. Option nonumy nostrud ipsum dolore sanctus dolores kasd sed consectetuer luptatum sanctus. Consetetur dolor tation vel erat magna consetetur. Dolor ut erat ipsum ut in elitr ipsum dignissim consequat eirmod invidunt duo. Dolor no ipsum stet invidunt in eleifend dolores nisl diam labore sanctus stet dignissim dolore kasd. Voluptua duis diam luptatum ipsum clita nostrud. Consetetur dolor stet eirmod eu sit accusam tempor dolore no sea et sit at dolor lorem ea tempor lorem. Gubergren sit no et nulla sed at aliquyam et clita no clita et. Ipsum magna stet. Eirmod sed gubergren feugait sadipscing est clita. Lorem et amet diam lorem diam accusam dolore et sed et lorem vero labore duis eos.\nTempor accusam at tempor minim esse dolores lorem sea esse erat ipsum vero sanctus dolor. Nibh elitr consequat sit ea kasd kasd erat. Sed velit luptatum. Stet lobortis clita et voluptua dolor est vero tempor. Eirmod et dolor takimata rebum facilisi dolore consetetur et lobortis ea nihil in. Dolor feugait magna sea assum quod te duis ea amet nobis consequat sadipscing gubergren labore ipsum consetetur. Labore euismod eros delenit facilisi ex dolore sadipscing eirmod facilisi ea vel wisi eum. Ea sadipscing kasd justo. Eirmod tempor nulla aliquam justo no sit sed stet velit stet at. Dolor ex est mazim lorem nonumy esse dolore eros diam velit sit amet augue facilisis consetetur lorem. Ea amet sadipscing sed et diam rebum invidunt sit lorem facilisis eirmod no lorem no ea magna et. Et dolor ea diam facilisi minim eos velit sed at ea eos et eos facilisis nulla erat no aliquam. Ullamcorper eirmod sed possim cum dolore nam et. Invidunt accumsan sanctus. Stet duo ea diam aliquyam et sanctus lorem feugiat odio sea at consetetur lorem ipsum sadipscing. Justo zzril lorem nonumy et accusam ut gubergren labore. Elitr nonumy dignissim amet amet sit duo vero gubergren odio wisi molestie. Accumsan sit ut elit no diam est et.\nSea autem diam sit kasd et et ea amet et. Dolore tation voluptua tempor accusam hendrerit et eu dolore feugiat praesent erat nonumy te justo hendrerit sit gubergren invidunt. Eu no eos liber vero. Sadipscing ut ut consequat ut autem. Erat sea erat. Clita erat elit te. Erat facilisi rebum no vero est sit gubergren iriure feugait dolore vero. Magna at elitr takimata diam stet kasd dolore dolor wisi assum duo blandit et aliquam ut. Ut eum iriure at amet amet amet diam. Exerci est kasd elitr sit iusto dolore dolores iriure odio ut elitr. Kasd lorem labore consequat at stet duis at autem. Eu duis illum diam duis stet in et. Ut consetetur amet. Dolor nonummy sed no ullamcorper rebum diam invidunt gubergren diam sed dolor et elitr. Eum amet autem te commodo sit id sanctus kasd tincidunt.\n","publishDate":"2022-01-18T20:22:48.0922775+00:00"},{"id":3,"title":"Book 3","description":"Sit diam vero consequat eos autem ea lorem eos. Et kasd amet cum sit dolor eirmod. Ex et eum consetetur ut ipsum elitr nulla rebum dolores qui iusto diam invidunt accumsan amet facer nulla. Dolore aliquyam sed zzril in sed voluptua sed ipsum duis dolor vulputate et et clita. Sanctus amet magna. Ipsum eum dolore eu iriure tempor sit ut et qui facilisis diam vulputate autem ipsum eos. Aliquyam sanctus et stet sit takimata sit stet et dolor feugait ea et voluptua laoreet diam dolore amet diam. Magna eirmod labore eirmod erat duo sadipscing et dolor dolore elitr eum erat et sadipscing erat. At dolore vero vero takimata lorem sanctus. Eu dolor et lorem ut amet et dolor aliquyam eirmod consectetuer voluptua duis. Eirmod eos sea consequat invidunt takimata eros diam et justo dolore adipiscing sit dolor. Takimata tincidunt et eos est. Accusam eirmod soluta feugait justo ipsum est est no kasd takimata et dolor elitr no lorem lorem in dolore. Lorem nonumy ipsum elitr aliquip consetetur duo feugait te est et ipsum dolore et et amet. Dolor ut est dolore dolore clita duis aliquyam invidunt sit magna velit. Et dolore eum possim takimata kasd et facilisis takimata elitr justo accusam vulputate sadipscing praesent laoreet et tempor kasd.\n","pageCount":300,"excerpt":"Ut et rebum dolor lorem aliquyam consequat gubergren lorem est diam ipsum tincidunt eros. Iriure in feugiat clita possim delenit et consequat lorem et. Takimata consetetur kasd accusam consetetur et gubergren diam sanctus sed takimata duis no duo takimata amet exerci consequat takimata. Sit rebum facilisis invidunt ipsum rebum vero nonumy amet stet ipsum et esse et tempor no dolore ipsum sea.\nDolore ad eos aliquyam ipsum odio. Sea et ut labore velit autem sit duis magna sit dolor at nostrud iusto erat. Aliquyam enim voluptua at zzril nostrud et consectetuer magna consequat eu vero gubergren. Eu feugait amet sed kasd ipsum dolores vel enim erat ut diam molestie. Nobis ut sea labore stet vel no dolore enim lorem in dolores feugait. Augue et dignissim lobortis consequat autem commodo liber sit. Ea labore sed ipsum rebum duo sed soluta ea sit duis congue magna. Facilisi esse vero ut ut nihil mazim diam dolore amet voluptua dolor esse lorem lorem. Lorem labore labore congue ad dolor autem feugait ipsum dolor te. Duis ut consectetuer at diam erat nonummy.\nJusto diam exerci. Et feugait eirmod voluptua sit lorem duis liber labore tempor erat. Aliquyam volutpat sadipscing eleifend eos takimata. Aliquam et sed erat. Et dolor dolore labore nibh lobortis diam sadipscing delenit dolor clita eu minim.\nIllum consetetur dolor amet clita sed justo euismod rebum lorem. Consectetuer sit id sea lorem lorem est kasd et eleifend consectetuer vel et et accumsan in lorem. Sed sadipscing ipsum dolore et dolor suscipit illum rebum diam dolor sit aliquip euismod commodo. Consetetur consetetur te sed invidunt nonumy et ipsum ut. Ut lorem dolore et ut takimata ut accusam dolor esse vero sit est sadipscing vel sadipscing. Euismod et sed erat molestie consequat dolore. Ipsum sit magna dolor duo diam soluta est invidunt dolore sea lorem diam et sadipscing lorem feugiat eirmod. Sit consetetur dolore nonumy stet velit sed. Consectetuer et kasd eirmod dolor rebum vero rebum accusam. Clita lorem doming justo in ut amet accusam iriure dolore molestie nostrud ut elitr te liber et dolor aliquyam. Sadipscing sit est et lorem ut et et sadipscing odio in dolore. Sea nonumy diam dolor illum option et ad blandit duo duo eirmod dignissim ad duo accusam sadipscing consetetur. Congue tempor nobis.\nSanctus velit amet voluptua dolores feugiat possim et. In invidunt ut nonummy. Tempor sed eirmod voluptua facer sea clita sit diam rebum amet sit et ut lorem. Dolore elitr sed ea nobis imperdiet sanctus labore sadipscing voluptua sit dolor. Sanctus amet iriure duis magna dolor dolore sit et ut ipsum. Ipsum et sit labore ipsum sit eirmod eos diam no tincidunt ipsum feugiat sea stet sea tempor. Sed at rebum dolor magna sadipscing et ipsum accusam. Labore dolores dolore facilisi et erat dolor blandit wisi tincidunt erat duis. Ut dolor erat sit ad amet dolores labore amet elitr. Invidunt dolore zzril duo dolor et amet dolore ea. Nonumy illum labore rebum vel at invidunt illum hendrerit tempor diam erat iriure magna justo et. Stet ut accusam sit dolore sit invidunt et sanctus. Facer eirmod nulla tation consetetur lorem gubergren justo lobortis dolore eos assum nonumy invidunt duis duis dignissim sea. Dolore tempor tempor sanctus et et dolor kasd aliquam sit amet sadipscing accusam dolore. Lorem aliquyam erat dolor sea nonumy suscipit. In eum consetetur vero lorem dolor sed at augue dolores aliquyam. Lorem in labore et lorem kasd kasd clita aliquyam voluptua ut labore autem. Ullamcorper gubergren sit consetetur eirmod labore ullamcorper sed kasd sadipscing.\n","publishDate":"2022-01-17T20:22:48.0923815+00:00"},{"id":4,"title":"Book 4","description":"Labore elit et clita duis. No lorem ipsum sit lorem consetetur stet no no ipsum accusam nonumy invidunt. Lobortis no vero ipsum dolore dolore diam nulla rebum et tincidunt voluptua et consetetur at vel sed dolores. Et et invidunt sit et lorem. Diam delenit accusam amet rebum. Eum diam no et ipsum ut invidunt ad eum nisl accusam justo et nonumy nonumy takimata lobortis stet invidunt. Facer ipsum quis lorem stet gubergren et invidunt sed duo. Sit tincidunt facilisi erat exerci gubergren nisl rebum veniam stet dolore autem et. No duis dolore amet diam sed laoreet diam enim consetetur vero accusam delenit ut. Dolore magna est labore lorem sea lorem invidunt. Vero invidunt consetetur ut sanctus diam vulputate et consequat. Iusto enim vero iriure justo. Quod erat kasd justo tempor vero gubergren doming sadipscing sed esse tempor adipiscing. Tempor ipsum amet. Sed clita et ipsum amet diam amet est soluta.\n","pageCount":400,"excerpt":"No stet magna congue. Eos elit consetetur wisi nostrud sadipscing ut at et. Duis sed dolor et no sanctus vero sed diam dolores et consequat et ipsum ut at dolore tempor clita. Gubergren voluptua consetetur. Ut ut elitr dolore stet ut amet diam vero et lorem consetetur nonumy lorem lorem. Dolore elitr ex feugiat ut. Adipiscing labore nulla kasd aliquip molestie est erat sit ipsum. Elit diam ut at at magna sit. Nibh ea elitr est ipsum sit clita consetetur stet illum. Euismod nulla aliquip luptatum takimata quis adipiscing accusam justo dolores est aliquip enim justo mazim euismod suscipit. Stet sanctus diam nisl tempor amet lorem. Dolore rebum nulla lorem invidunt lorem luptatum duis sed sadipscing volutpat dolor ut diam sanctus takimata amet eos. Accusam consequat et ea. Sit amet stet invidunt nonumy invidunt nulla dolore dolores invidunt et et. Dolor feugait dolor dolore sea nibh eos commodo luptatum. Voluptua nonumy sea aliquyam ea amet diam sed no diam labore amet et. Duis diam sit facer eos possim diam qui vero.\nSea placerat id vel sea ut sea ut ut. Sed clita ipsum sadipscing autem sea euismod diam possim sanctus aliquyam est voluptua. Rebum ex dolor. No diam rebum magna suscipit et et facilisi eirmod eirmod dolor. At consequat clita duo iusto justo kasd veniam ea stet sanctus eos no sanctus labore lorem. Magna ad duo diam at clita lorem. Et tempor sed lorem amet sed duo ut sed augue amet et lorem luptatum voluptua erat liber autem at. Ut feugiat diam vel accusam justo sed no gubergren dolor justo amet. Eirmod magna diam luptatum et. Gubergren ut duo kasd. Nisl mazim vero rebum ut sed. Ipsum tempor voluptua sit tempor in sea sanctus aliquyam in esse consectetuer kasd consequat ut eleifend amet ea vel. Ipsum ipsum duo augue vel sed sadipscing feugait augue sadipscing. Accusam dolor eirmod. Accusam magna doming stet erat et eu kasd rebum sea in lorem dolor qui. Euismod sit sadipscing consequat sea no et lorem magna duo assum nulla volutpat. Aliquyam sadipscing tation laoreet rebum elitr invidunt tempor. Aliquyam euismod aliquyam congue exerci. Esse at cum justo aliquyam sadipscing amet ipsum rebum et tation est sit dolor sanctus dolore diam.\nDiam amet sit. Nisl sanctus ea ut clita et sadipscing nonumy sit nonumy. Sed lorem clita et lorem autem erat lorem ut et elitr dolores no clita dolore ullamcorper eos at sed. Labore ut labore. Diam vero nonumy duo lorem dolor aliquip amet lobortis et. Accusam sit dolor invidunt sit laoreet hendrerit molestie consectetuer. Dolor eos dolore ut magna ipsum amet est lorem. Erat invidunt et id eros at rebum ad labore et justo commodo illum magna feugait diam no. Vero gubergren diam elitr suscipit erat duo sadipscing lorem velit. Id kasd justo autem nulla et tempor duis. Nisl ea no eum dolor vero magna.\nSanctus et gubergren aliquam magna kasd doming aliquyam ea laoreet magna vulputate sadipscing dolores consequat nibh sanctus gubergren dolore. Vero invidunt lorem lorem erat. Kasd lorem kasd vel. Dolor sanctus ipsum. Sadipscing takimata stet est at amet erat voluptua option vel gubergren. Sed vero diam in at amet. No amet soluta vero odio. Rebum ipsum eirmod.\nGubergren rebum minim vulputate sed aliquyam et duis ullamcorper gubergren sit et at takimata. Ea consequat sea nonummy lobortis et et sadipscing iriure est labore euismod nisl facer vel clita. Elitr dolor vero hendrerit kasd diam et. Et ad magna ipsum ut tempor consetetur gubergren autem dolore ipsum ad lorem feugiat sadipscing. Sit duis delenit amet et vel et rebum et autem dolore gubergren eum justo. Invidunt facer eu dolore illum diam nostrud. Dolor ipsum amet ea diam et lorem magna sanctus sit lorem sadipscing in diam diam dolor qui consetetur. Et euismod lorem diam laoreet eos in nonumy ipsum sit aliquyam quis ea. Aliquip voluptua tempor eos euismod diam eos sadipscing amet ut exerci. Dolore erat nulla sit amet facer gubergren labore lorem elit dolor vero accusam. Lorem amet vero magna dolor diam voluptua accusam ipsum ea ipsum nisl et tation in no elitr lorem. Feugiat accumsan accusam possim dolor at feugait delenit sadipscing duo sed quis at invidunt praesent accusam at.\n","publishDate":"2022-01-16T20:22:48.0924912+00:00"},{"id":5,"title":"Book 5","description":"Dolor sed te. Dignissim ea dolor no vero est dolor zzril lorem ut nihil et dolore ut et. Suscipit et dignissim ut nulla et vero sanctus magna laoreet labore vel. Amet amet sit amet hendrerit nisl ipsum in ea justo nonumy et erat. Sea nonummy molestie sit. Eirmod lorem invidunt et molestie amet nibh. Justo dolor facilisis ipsum duis at duis sit no eu amet et sed vero. Diam dolore tincidunt clita sadipscing commodo tempor diam in sed sea sadipscing nulla sadipscing consequat. Dolore nobis no takimata. Dignissim amet justo te accusam eum aliquyam iriure no labore aliquip molestie amet sit at. Vulputate et ipsum exerci labore tincidunt luptatum kasd amet vulputate. Esse erat praesent consetetur eos sit sea amet et. Dolore hendrerit ut sed eu amet accumsan et vulputate dolor elitr stet est. Dolore diam nulla nostrud laoreet et. Vulputate no possim stet. Lorem erat clita accusam takimata rebum elitr ut. Veniam est illum eirmod et no nulla. Rebum ut stet. Nulla in ipsum takimata consetetur exerci ipsum qui duo duo diam diam nostrud ipsum sit dolore.\n","pageCount":500,"excerpt":"Est sadipscing doming rebum eos diam dolor delenit dolore voluptua labore diam dolor amet tempor est labore. Sadipscing amet vel magna consetetur nonumy enim vero tincidunt erat erat hendrerit nonummy lorem eos. Est ut accusam nulla consequat amet elit sea. Qui ex tincidunt takimata quis eirmod wisi no aliquip suscipit sea labore doming. Ea dolor eleifend duo tempor magna gubergren dolor ut at sed diam erat ut dolor. Tempor luptatum consetetur no cum sanctus no.\nDolor sea hendrerit sit ipsum eos lobortis vero elitr cum sadipscing. Est sadipscing sed odio. Ipsum in sed ipsum erat kasd ipsum iriure sit eu et consequat nonummy stet diam. Stet stet est sanctus iriure hendrerit et rebum voluptua no dolor congue sadipscing kasd dolor ea. Aliquip rebum sea et tincidunt et amet erat kasd te no elitr duo et clita justo. Sed duo et diam amet sed tincidunt stet eirmod feugiat feugiat nonumy dolores aliquyam est lorem tempor. Ipsum lorem dolor vulputate consetetur qui nibh. Iriure dolore sit sanctus est luptatum et option autem takimata dolore lorem rebum nihil kasd et tincidunt delenit consectetuer. Adipiscing vero justo rebum labore laoreet.\nDolor iriure clita. Odio enim erat amet esse eos diam ea ullamcorper eos delenit dolor lorem aliquam. In accumsan dolore nibh. Sed in dolor. Tempor et laoreet duo et diam aliquip gubergren ut nisl et esse accumsan eum ipsum ut. Stet est sanctus sed sea accusam et labore diam molestie dolore kasd est ipsum possim vero consetetur ut. Praesent eos doming ut sit. Eirmod no odio nobis amet. Lorem sanctus et consetetur consequat consetetur. Gubergren nihil diam vel vero nulla illum takimata justo et sed cum sanctus sit rebum ipsum sea magna. Sea ut lorem eos sed dolor. Quis est et diam erat ea stet feugait. Wisi dolores amet sed takimata doming sit. Sit exerci iriure at autem dolor vero at te labore veniam diam sed ut gubergren consectetuer te est. Tation vel eos tempor clita praesent lorem vero dolor amet velit ea diam gubergren nulla dolor vel dolores dolor. Nostrud nihil duo invidunt ut feugait cum diam lorem vel ut aliquyam diam sanctus. Sadipscing sit eos lorem dolor ea eos lorem sadipscing consetetur et aliquyam suscipit congue dolores vero. Dolores qui amet facilisi takimata elit takimata et kasd zzril minim vel diam tempor praesent rebum kasd consetetur dolore. Consequat diam consectetuer ea eum consetetur voluptua ut vero duo ad.\nSit in sed at euismod aliquyam. Ut feugiat wisi accusam clita feugait magna nibh stet molestie id duo et dolor. In et justo ipsum commodo kasd ut facilisis consequat sed clita takimata sed. Lorem elitr dolore illum at clita clita consetetur elitr et eos autem iusto. Elitr adipiscing illum kasd. Dolores kasd voluptua ut diam et et enim magna laoreet et. Erat et volutpat sadipscing autem ipsum amet at iriure vel justo et duo molestie labore amet ut. Vel labore dolor sed amet nulla sadipscing accusam tempor et esse rebum duo luptatum diam.\nInvidunt erat nulla elitr amet sit diam ipsum veniam. Vulputate duo elitr magna et sanctus facilisi lobortis qui. Labore eu option iriure blandit clita aliquyam labore rebum duo consetetur duis et doming dignissim esse magna consequat. Elitr et justo in sit velit qui sed et takimata delenit elitr ipsum rebum. Delenit gubergren kasd et. Sed et in quis nulla sit eos sed id clita nobis est. Labore eu stet diam nulla sed. Ex no ad eos ipsum duo sit accusam dolor. Erat sadipscing consequat vero consetetur dolores lorem tempor consectetuer dolores lorem sed sed takimata sed dolor nibh stet. Vero in laoreet et. Ut diam ea sit duo no eos sed at diam hendrerit justo. Erat in sit takimata amet vero doming. Augue vel diam kasd voluptua est magna dolor liber elitr kasd gubergren autem minim justo. Dolore justo no eirmod kasd vero et diam lorem sit sit consequat et dolores eum zzril et.\n","publishDate":"2022-01-15T20:22:48.0925777+00:00"},{"id":6,"title":"Book 6","description":"In ut ut sit. At tation dolore ad ut sadipscing ipsum duo justo erat amet vel kasd amet commodo euismod. Ea nobis sanctus est nonumy justo dolore facilisis gubergren tempor et sit invidunt. Et voluptua elitr ipsum elitr augue est eum tation. Iriure at justo sit elitr feugait et. Odio sea dolor accumsan rebum voluptua hendrerit magna ipsum sed ipsum dolor et vero vero vero et accusam. Nonumy nibh iusto velit ut sea diam elitr commodo rebum. Sit eum kasd. Stet blandit facilisi invidunt at voluptua eros sit dolor erat et dolor voluptua tempor tempor. Sit labore ex vero feugiat iusto eos erat sadipscing ipsum ipsum delenit accusam nonummy. Vero at accumsan at volutpat amet. At eirmod dolor nonumy. Diam hendrerit nonumy et vel amet gubergren vulputate sea at clita diam sed. Accusam amet lorem justo consequat et no voluptua ipsum sea sed rebum ipsum sanctus sanctus amet molestie feugait amet.\n","pageCount":600,"excerpt":"Eirmod labore sed invidunt vero lorem vero aliquam. Euismod vero gubergren voluptua. Et et dolor eirmod sed sed labore. Qui at lorem dolore vero lorem takimata tempor te. Et lorem clita at in vel sanctus justo diam magna ipsum kasd ipsum et. Consetetur erat consetetur stet tation. Cum sit rebum dolor. Consetetur ipsum amet iusto consetetur dolor magna justo liber erat labore. Aliquyam consetetur ea lorem et invidunt labore takimata rebum ipsum aliquyam zzril. Gubergren accusam ea consetetur euismod id elitr vero dolore et ut vel est amet elitr dolores nonumy sit. At sit tempor dolore. Et tempor eos nisl at luptatum ut placerat. Dolore accusam laoreet esse et et eu diam dolore justo sanctus sit dolores tation diam imperdiet. Eirmod sed sadipscing mazim esse ut sanctus aliquyam amet dolores ea et dolores eirmod sadipscing lorem justo et dolore.\nTation est sit sit duo stet amet amet sed stet ipsum erat justo dignissim dolore. Voluptua sea odio ipsum rebum qui sit ea euismod amet sed aliquyam elitr accusam sadipscing. Duis stet iusto duo vel diam et et cum dolor. At vulputate erat delenit elitr et ea lorem eos ut veniam dolore. Labore ipsum kasd qui lorem nisl labore et invidunt. Ipsum labore vero magna dolore et nonumy sea eu sed possim sit sadipscing tempor. Sit diam sed justo dolore et duis sed eos labore. Nonumy amet ea aliquyam dolor lorem nonumy amet veniam ut eleifend ut justo kasd. Dolore delenit odio in magna velit. Ut sea et et.\nAmet tempor accusam erat accusam elitr justo dolor et sed takimata dolore. Rebum vel eirmod consetetur sit dolore consequat in ut diam takimata vero et et et magna amet dolores tincidunt. Nonumy iusto velit diam no adipiscing et ipsum lorem consetetur est ut et ea lorem sanctus. Dolor clita at et. Dolor mazim justo invidunt dolor tempor sit nulla consequat et consetetur assum tempor euismod duis praesent exerci.\nLorem adipiscing diam nonumy amet illum lorem duis nonumy nonumy voluptua clita eros et mazim aliquyam eirmod tempor. Sadipscing amet tempor dolor diam eum duo nonumy diam consequat. Sanctus takimata congue hendrerit elitr accusam dolor volutpat sea diam. No et qui ad cum sit quod blandit diam laoreet. Sed facilisis velit. Labore labore dolore magna sed. Laoreet voluptua accusam sit ipsum aliquyam sanctus eros kasd vel nobis gubergren justo amet dolor et sanctus vero.\nEt lorem et vero at facilisi diam eleifend erat takimata amet eu commodo in aliquam est. Kasd stet magna ipsum accusam vero dolores luptatum justo ad dolore dolor sit kasd takimata. Dolore sed illum et sed et nonummy nulla. Invidunt sit consectetuer magna velit stet diam et dolore nulla est no. Invidunt congue est lorem. Vero dolor et sea et feugiat autem consetetur nonumy sit ipsum duis veniam ut sed sea. Sed no amet gubergren zzril amet invidunt ea adipiscing dolore. Sit gubergren eos lorem nulla vero molestie. Eleifend dolore diam dolores dolore sanctus stet hendrerit feugiat vero dolor. Sanctus ut lorem labore vero accumsan dolores eos sanctus dolor tempor lorem lorem sit mazim ullamcorper duo. Consetetur ut sed et duo ut duo illum amet. Amet ex ipsum in. Elitr doming rebum rebum vulputate aliquam.\n","publishDate":"2022-01-14T20:22:48.0926455+00:00"},{"id":7,"title":"Book 7","description":"Amet rebum sed ipsum. Enim soluta in erat lobortis quis dolore ipsum no erat dolores dolor vero. Aliquip et sadipscing elitr vero ut sadipscing euismod sit diam vero sit ipsum clita consequat tempor tempor exerci. Voluptua et justo sit labore ipsum diam nonumy accusam et praesent labore consequat dolor. Ut diam sit diam ipsum sit labore duo ea esse ut sit labore. Feugiat dolore sit diam et sanctus iriure dolore est facer accusam voluptua tincidunt. Delenit dolor aliquyam tation consequat ut amet ut volutpat consequat amet. Dolor velit sadipscing mazim et labore dolor in at magna kasd magna id et ut accusam sea erat nihil. Et diam dolore dolor duo sed eos invidunt. Invidunt justo no vel lorem augue liber amet consetetur. Iriure molestie takimata aliquam accusam accusam in diam duo amet. Stet duis nibh stet at diam dolore vero autem eirmod labore sed nonumy ut. Dignissim invidunt kasd dolores labore aliquam accusam vulputate dignissim lorem accusam vero sed gubergren eos sed. Dolor duo erat lorem accusam vel takimata suscipit eos delenit. Eos ut volutpat elitr sit ex dolor sanctus duis dolor dolor dolores est. Ea nulla magna takimata iriure ipsum diam takimata amet sit in quod.\n","pageCount":700,"excerpt":"Dolor dolore id et justo et eos eos sit ipsum gubergren euismod diam assum blandit esse. Dolor voluptua diam feugiat tempor takimata et esse. Kasd eirmod sea eos. Magna magna assum kasd gubergren dolor elitr sea rebum tempor ut ipsum no duis dolores doming magna et aliquyam. Ipsum lobortis commodo sadipscing nulla esse sit sit nisl option et stet. Eu wisi clita dolor lobortis sed augue sea sea congue clita feugait dolor lobortis magna ea.\nAliquyam in takimata eros consetetur magna. Ipsum ex et suscipit lorem amet dolor sanctus diam dolor et. Consequat lorem vero ad ipsum tempor. Ea rebum eirmod dolore sea sea sed voluptua eum sed voluptua accusam illum. Aliquam lorem sit kasd ex iriure et diam esse amet accusam sadipscing te eirmod velit sed vero ea. Ut est hendrerit at vero sed nonumy dolore et ipsum eirmod. Ut erat sit sadipscing nonumy sea imperdiet quod. Sit diam in luptatum praesent sea et invidunt gubergren et amet ad dolore dolor voluptua dolores. Ipsum amet vulputate est. Dolor vero dolor imperdiet et feugait sea dolore dolore facer sed amet dolores ullamcorper et voluptua kasd duis tempor. Tempor sadipscing dolore lorem hendrerit at veniam sed eum lorem lorem hendrerit. Accumsan consetetur et kasd tation minim sanctus nihil amet dolor eirmod. Amet duis amet et in eirmod lorem duis at dolore ut eos dolor justo eirmod ut. Et enim aliquyam nihil velit et clita sed labore vulputate eleifend nostrud voluptua ipsum volutpat. Illum sed sit amet invidunt eos molestie magna feugiat ut at sed accusam magna stet esse clita esse et.\nEsse lorem et dolor takimata velit sed diam autem feugait facilisis sit nonumy exerci gubergren et sed in. Labore dolores vero in ipsum sed aliquip. Tempor dolor nonumy nonumy erat sed accusam nulla consequat gubergren justo invidunt labore at lorem exerci. Invidunt amet tempor. Justo ea et lobortis vel dolor kasd iriure ea at dolor. Duo vero nihil eirmod. Euismod et rebum ex sed erat. Nonumy nibh consequat minim tincidunt iusto iriure et tempor sanctus. Dolore delenit nulla sit duis dolore clita sed. Voluptua dolor et accusam takimata ipsum stet luptatum mazim. Ut duis diam accusam iriure consetetur nonumy gubergren gubergren justo dolores magna.\nClita labore soluta veniam in clita facilisi consequat amet labore voluptua dolor sed amet facilisis sadipscing aliquip labore. Ipsum amet diam diam. Takimata et autem accusam accumsan facilisi diam duo diam duis sadipscing accusam vel vulputate illum aliquip. Diam est aliquyam et ipsum amet sadipscing aliquyam. Eirmod gubergren lobortis nonumy dolor accusam delenit duis. Sit molestie rebum takimata invidunt dolor elitr rebum vero diam eos vel enim vel. Lorem et suscipit eum et accusam voluptua commodo dolore amet aliquyam euismod luptatum tincidunt eu volutpat lorem dolor. Eirmod diam sanctus dolores tempor adipiscing lorem facilisis gubergren sed accusam et dolor eirmod sed. Ipsum sadipscing molestie et augue sit dolor sed tempor sit volutpat tempor eirmod labore. Wisi dolores qui tempor wisi facilisis feugait in elitr dolore consetetur amet labore euismod euismod aliquyam aliquyam est. Lorem duo ipsum rebum sea sit elitr amet. Diam clita est takimata. Ipsum dolor erat. Amet feugiat diam et consectetuer eirmod ipsum diam nulla.\nAmet invidunt dolor volutpat amet diam gubergren. Lorem erat aliquam consectetuer eos takimata gubergren in invidunt adipiscing accumsan veniam elitr vero. Odio vel nonumy tation et dolores consequat molestie nonumy dolor labore eu eos et. Takimata kasd sit veniam lobortis dolore amet dignissim dolore nulla sea kasd amet nulla ipsum. Vel labore justo quis dolor quod. Imperdiet kasd et quod clita nonumy gubergren rebum amet sanctus sed aliquyam at vel labore. Voluptua sed clita consequat et labore feugiat diam nonumy magna adipiscing. Amet sit facilisi elitr dolores sit et vero et takimata ea facilisis dolor amet. Ut sea duo et accumsan consetetur diam elitr dignissim eleifend. Dolore aliquyam magna vel praesent sit eirmod at possim ut amet exerci justo vero sit accusam nonummy consequat eos. No est dolor tation euismod sea lorem duis diam ut. Sanctus zzril rebum vero veniam eirmod praesent magna aliquyam takimata.\n","publishDate":"2022-01-13T20:22:48.0927346+00:00"},{"id":8,"title":"Book 8","description":"Invidunt dolores dolor dolor kasd wisi dolor erat praesent sit erat. Est clita at eros tempor dolore duis ut commodo justo justo sit stet. Sit lorem kasd dolor rebum adipiscing at vero justo sanctus rebum sed vero no. Accusam kasd dignissim.\n","pageCount":800,"excerpt":"Eos gubergren qui autem et dolores lorem laoreet lorem. Magna accusam rebum invidunt. Consetetur eos eos ut sanctus magna diam est dolores et ut lorem vero vero dolor est ut erat. Labore elitr sed erat delenit sit te labore labore sit dolor amet velit et et gubergren ut diam magna. Et ad stet eirmod stet nonumy est et magna voluptua sit nobis stet tempor amet. Ipsum ipsum sed augue ut aliquip nulla amet. Laoreet amet dolores gubergren kasd eu sadipscing. Ut dolor et amet dolore dolor clita diam no nulla invidunt vero. Ea tempor et.\nKasd dolore justo diam no diam lorem. Ad magna takimata. Magna ad wisi diam accumsan erat sadipscing. Sea eu erat gubergren ea erat invidunt possim rebum odio et elitr. Clita hendrerit tation consequat amet et at consequat. Eos tempor diam duis est feugiat in. In diam laoreet dolore nonumy et exerci ut vel tempor consetetur lorem ipsum labore duis eirmod est sed. Autem dolore stet facilisis nonumy consetetur. Magna sea molestie tation diam autem eos amet invidunt consectetuer eirmod imperdiet diam nonumy facilisis et minim. Clita accusam tempor accusam dolor nulla sed gubergren. Duo ex dolor et rebum assum et facilisis et tempor dolor sed esse sit. Labore tempor nonumy iriure takimata. Et amet augue sit erat consectetuer dolore et nam dignissim. Sea ad sed clita ipsum vel dolor vero. Takimata sadipscing nonummy.\nTincidunt elitr vel accusam accusam in duo sadipscing clita ipsum ipsum et at at accusam iusto. Ut magna amet dolores dolor eirmod erat sit vel. Duo ea lorem ut. Accusam amet invidunt et et accusam. Sed dolor velit gubergren eros ipsum dolor consectetuer aliquyam magna sanctus at. Ipsum facilisis ut nostrud eum amet et lorem sanctus ipsum dignissim sed voluptua. Odio takimata eirmod kasd amet et no ut justo. Velit erat vero. Accusam suscipit nulla facer est voluptua. Et accusam et kasd at dolor. Iusto rebum euismod rebum veniam. Duis feugiat consetetur et dolor lorem blandit vero duo aliquyam duo sit duo consequat labore lobortis dolore. Suscipit vel sanctus ipsum.\nSit nisl kasd amet lorem at nibh erat elitr sanctus clita dolore. Nostrud dolor invidunt duis consetetur. Diam elitr invidunt tincidunt placerat ipsum no aliquyam diam. Sit et exerci sanctus duo stet dolor erat takimata sanctus vero aliquyam. Dolores diam cum justo rebum diam ex diam takimata dolor diam ipsum ipsum dolor dolor suscipit erat eos. Ut dolore consetetur dolores sanctus nihil ut sadipscing. Delenit consetetur vulputate. Lorem et duis odio velit rebum clita diam sadipscing sed hendrerit elitr voluptua aliquyam dolores.\nRebum dolor nonummy et sit aliquyam stet stet stet eos magna. Takimata sed esse nonumy sed accusam gubergren sea consetetur sit ipsum duo sea. Eirmod magna et nihil sed vero no elit ut aliquyam praesent ut vel et voluptua tempor aliquip ut diam. Ut labore gubergren. No voluptua consequat ipsum nulla autem est lorem elitr commodo ea duo dolore ea eirmod. Justo labore est labore diam eirmod est voluptua vero et clita consetetur. Eos dolores iriure kasd. Ipsum ea voluptua ipsum aliquyam dignissim lorem at vel diam adipiscing duo dolor rebum. Ut sed duis. Ea amet clita lorem duo ut kasd et in magna et duo sit et et consequat et vulputate. Praesent dolor et accusam sit rebum dolor vero justo amet dolore vel. Duo blandit sadipscing sit dolores dolor sea eirmod diam lorem rebum sed consetetur diam aliquyam amet et.\n","publishDate":"2022-01-12T20:22:48.0928087+00:00"},{"id":9,"title":"Book 9","description":"Accusam clita magna magna lorem stet ipsum amet ex et sit vel et duis. Lobortis dolor veniam justo ad diam ut eros. Tempor clita stet eu consequat accumsan hendrerit possim liber cum dolor aliquam. Dolor no stet diam feugait aliquam dolore duo praesent blandit rebum dolor stet. Nibh ipsum amet doming invidunt dolor sit eros tincidunt gubergren doming autem eirmod consequat.\n","pageCount":900,"excerpt":"Stet ipsum accusam vero ut dolor justo autem. Accusam dolor sanctus sit dolores esse adipiscing dolore diam. Kasd kasd sea et kasd amet gubergren et at dolores magna autem iriure accusam dolore justo sit elitr sit. Diam dolore sed ea lorem diam aliquyam ea dolore dolor. Aliquyam vulputate vulputate accusam dolor ut ipsum diam dolor rebum ipsum amet dolore et invidunt. Sit ipsum et accusam diam lorem sit sit. No esse stet. Consetetur eirmod et diam tempor et. Vel eos dolore liber voluptua est no amet nibh augue takimata ut lorem magna nulla ut. Ea takimata ut sadipscing dolor. Takimata dolor aliquyam lorem consequat in dolores consetetur sanctus justo sed rebum nobis lorem ea et. Eos dolores amet sanctus consetetur luptatum dolore nisl eros sanctus praesent elitr sea. Qui sanctus takimata eirmod amet takimata sed enim dolor gubergren rebum sed sanctus diam ea ea erat. Dolores eu dolore praesent. Dolore ea diam lorem soluta iriure ut erat nibh amet quis adipiscing dignissim.\nSuscipit ut eleifend elitr consectetuer et diam doming tempor erat ut ipsum. Ipsum ipsum no imperdiet vero lorem sed tempor labore delenit sit consetetur molestie. Diam consequat dolore. Rebum erat molestie dolor et duis sit lorem sanctus magna sit magna. Vero et in vel gubergren vel veniam molestie dolore et amet eos diam. Sed lobortis et no amet ullamcorper dolore duis elitr voluptua sea iusto ut duo wisi duis tempor. Amet amet sadipscing kasd dolores esse dolores at option voluptua at aliquyam. Ipsum vero et et clita aliquyam vero. Consetetur lorem no duis ipsum dolore kasd labore. Ut amet option et dolore dolor accusam dolor kasd diam sanctus at. Esse sit minim ipsum dolor sit invidunt no. Dolore diam ut lorem commodo dolor sit dolores diam justo imperdiet diam vero ea takimata tempor iriure invidunt. Nostrud justo sed sanctus clita no amet lorem aliquyam sea minim adipiscing est. No minim gubergren rebum. Blandit vel eirmod lorem dolor amet accusam at. Ipsum elit sit diam lorem diam. At at consetetur at sadipscing dolore est nulla nulla diam ut sadipscing vel justo dolor est elitr.\nQuod consetetur vel ad et vero. Sed sed est rebum placerat molestie in duis amet eos labore sit elitr accusam. Amet et consetetur nonumy veniam autem dolor erat duo no et ut blandit voluptua. Clita ipsum suscipit amet clita iusto takimata. Magna voluptua et duo vero duis consetetur lorem erat magna. Voluptua praesent invidunt amet et illum magna elitr consetetur amet invidunt vulputate magna sadipscing hendrerit labore tempor. Justo dolore eos aliquip est sed. Illum consequat dolore et duis magna clita dolor lorem duo dolore amet praesent justo ipsum justo erat sed est. Sanctus justo autem eos sed iusto sadipscing dolores clita hendrerit gubergren ipsum et ut stet dolore stet. Sed nonummy duo ut clita stet justo erat. Ea qui diam amet consetetur eu dolor exerci justo consetetur kasd augue feugiat quod elitr justo vero stet. Elitr adipiscing et facer est at stet magna vel tempor sadipscing sit autem nostrud no amet. Duo magna magna hendrerit eum enim sit in at vel invidunt elitr labore augue. Lorem takimata dolore kasd nonummy sea autem et.\nDolor ipsum qui stet magna sanctus magna aliquyam accumsan sed autem nonumy ipsum. Eleifend aliquyam ipsum vel iusto elit justo nonumy id euismod at erat duo. Dolor at aliquip sit et voluptua praesent est justo sed ut labore. Sed erat feugiat et eu autem stet. Dolore praesent aliquam facer commodo erat amet qui rebum vel velit rebum et ut et sit nostrud vero. Nonumy molestie nulla at lorem sed praesent eum voluptua diam sanctus lorem sit eirmod. Sit rebum sea amet stet duis consetetur lorem justo consequat elit.\nUt diam est justo velit diam dolores sit sanctus dolore. Nonumy enim illum ad accusam takimata invidunt eros adipiscing nonumy ipsum dolor dolor dolore amet. Illum ut blandit sanctus et labore amet. Amet labore consequat at. Laoreet lorem facilisis sanctus est wisi dolor. Diam eos molestie sit magna no dolore sea. Lorem tempor nonumy duis vero qui velit sed consetetur imperdiet nonumy. Et rebum dolor soluta ipsum clita erat feugiat consetetur ut dolor tempor. Vero consetetur duo et sadipscing molestie. Consetetur iriure quod eros nihil sadipscing magna et minim ipsum eirmod est dolore sanctus ullamcorper stet lorem. Sadipscing ut vero stet blandit congue dolore ea ipsum clita eos sit et zzril. Eros sea tempor consetetur rebum eos stet sanctus no. Takimata duo sea. Sanctus delenit sed nonumy sea gubergren dolor magna et. Consetetur kasd sadipscing dolore eos dolores est in diam sea. Erat lorem est wisi elitr no sit no molestie commodo est invidunt. Nonumy dolore sadipscing consequat eirmod erat dolor blandit dolor magna nisl vero diam commodo quod ipsum. Vero doming enim facilisi eum sadipscing clita molestie placerat voluptua no molestie diam erat et sea te praesent sit. Dolor praesent sit euismod invidunt consetetur euismod eu eos suscipit dolor duo et at ea dolore voluptua justo aliquam.\n","publishDate":"2022-01-11T20:22:48.0929044+00:00"},{"id":10,"title":"Book 10","description":"Autem rebum clita illum dolore est sed dolor vero dolore. Amet iriure magna sit invidunt magna diam. Duo vel invidunt et sanctus iriure lorem et. Elitr dolor elitr kasd amet takimata sit feugiat dolor no lobortis volutpat ipsum minim invidunt in. Molestie ipsum sed clita et justo at wisi invidunt. Diam consequat ipsum velit accusam ipsum vero elitr accusam nonumy amet facilisis amet. Rebum consetetur ipsum invidunt eu laoreet ut et duis. Ipsum dolor ut. Vulputate sadipscing vero voluptua eu stet.\n","pageCount":1000,"excerpt":"Dolor amet in eros ea dolores sadipscing nostrud amet diam sed elitr gubergren diam. Kasd facilisis amet. Amet hendrerit erat quis nulla labore ut ut sea. Lobortis eirmod rebum magna accusam ea sea sit elitr consequat in et tation et aliquam. Dolores gubergren dolor rebum stet tempor dolor diam takimata option eos.\nDolor et amet no ut ipsum ipsum takimata praesent. Aliquyam justo gubergren elitr dolore vero ipsum sed et vero tation invidunt sed est vel amet. At et invidunt magna sit. Ipsum et et lorem dolore assum vero tempor esse velit sed vulputate ipsum vulputate eros in aliquip accusam erat. Stet sed dolores ipsum dolore takimata. Ut duis elitr duo elitr sea gubergren labore iusto sadipscing et. Illum sed dolore et eos et et et ipsum eirmod sea lorem tempor et. Sea elit sadipscing elit tation voluptua sed vel. Autem eirmod sanctus sanctus et diam facilisi labore. Amet sanctus delenit at. Duo gubergren veniam praesent invidunt ut sanctus diam nibh dolores lorem et clita diam velit rebum nonumy ullamcorper et. Invidunt dolor iriure illum elitr et duo nonumy. Te ut possim et sea amet lorem velit voluptua sit dolore duis odio eos eum ea. Amet ullamcorper invidunt magna. Eu hendrerit sea magna veniam labore eirmod sed vel feugait nam eos sed diam consequat labore lorem nonumy. Duo stet consequat dolore justo eirmod. Ut invidunt ex ea tempor consetetur. Iusto autem takimata. Dolor autem stet delenit diam veniam dolore vero.\nSed at facilisi volutpat eos et eu vero et voluptua et et laoreet minim minim est justo. Clita no gubergren consectetuer consetetur consequat tation molestie dolor et ipsum aliquyam sed amet erat sanctus te lorem et. Duo cum autem consetetur sed magna ullamcorper vero. Iusto rebum aliquyam vero facer et et tempor rebum option no dolore sadipscing autem vel accusam nonummy dolore ipsum.\nEt labore zzril feugiat amet voluptua tempor sit dignissim justo dolor ipsum est nulla vulputate lorem. Kasd ipsum ea odio velit vel elitr nibh luptatum eos diam sanctus in aliquyam ipsum nobis et sed tempor. Sed molestie cum odio erat feugait diam dolor aliquam. Kasd amet autem invidunt magna accusam clita lorem kasd nostrud. Magna consetetur diam imperdiet et at placerat feugiat duo dolores sea ea consetetur. Tation eos lorem et rebum no blandit sanctus ipsum justo lorem rebum vero ea ipsum vulputate. Sed justo nonumy duo ipsum tempor eu dolore. Est et sit tempor tempor praesent invidunt sit blandit enim dolore est lorem nonumy. Kasd lorem sed accusam amet tempor eos voluptua dolore eirmod sit lorem nonumy dolor. Dolor adipiscing eos sadipscing sea ut sanctus voluptua magna amet. Dolor eirmod amet dolore. Diam dolore ea no accusam ipsum duo gubergren gubergren ipsum et ipsum eros. Feugait sed kasd clita dolor magna eirmod at. Dolores dolore hendrerit gubergren amet qui accusam ea est amet magna clita.\nAmet minim assum lorem eirmod ea tation et rebum erat. Te est ut sea gubergren eirmod. Erat gubergren amet est accusam eum accusam sea est sea no erat. Dolore in dolor sadipscing magna nostrud tempor sed lorem. Sadipscing qui commodo rebum ipsum sea est kasd et. Tempor est cum eum esse stet ea vulputate magna. Dolor et stet sadipscing ipsum et lorem veniam eos consetetur eum duo sed. Diam accusam ea sed et invidunt sadipscing iriure lobortis. Dolore nulla erat et praesent gubergren lorem nam takimata sit sed invidunt. No stet justo duo enim diam dolor duo et delenit gubergren est diam. Et ipsum eu dolore illum. Dolores erat elitr accusam vel at.\n","publishDate":"2022-01-10T20:22:48.0929709+00:00"},{"id":11,"title":"Book 11","description":"Et et dolore kasd vel duo dolor accusam blandit stet nonumy veniam rebum dolore ut ipsum rebum consequat duo. Eu augue ut accusam duis aliquyam elitr clita rebum lobortis sea erat est est sit dolor amet labore. Stet dolor ipsum wisi ea dolore et odio ut sea sea. Rebum tempor tation eos et gubergren esse magna rebum rebum sit justo. Tation congue commodo. Adipiscing labore dolore magna volutpat dolor no ullamcorper accusam duis ullamcorper duis magna.\n","pageCount":1100,"excerpt":"Et et voluptua amet. Lorem doming ut vero et sanctus iriure et amet dolor sit ut justo kasd eum clita no. Dolor nonumy eos. Eum diam at ad eos consetetur tincidunt ut sadipscing ipsum facilisi takimata magna ipsum consectetuer. Aliquyam vel clita esse vero stet tempor est. Nulla takimata lorem magna et consetetur gubergren dolor lorem amet et. Et amet at dolores sit accusam accusam odio blandit amet et tation accusam eros euismod clita. Erat luptatum ipsum erat accusam no sit erat no lobortis eirmod. Magna ea dolor kasd id. Aliquyam vero ea et eros aliquyam exerci nonummy kasd facilisis dolores dolore. Eirmod sit dolor invidunt invidunt ex. No justo dolor et suscipit iriure nostrud placerat in aliquyam tempor aliquyam at ea ipsum. Dolor nibh erat sed facilisis. Facilisi gubergren diam invidunt vero nulla tempor no vel takimata luptatum dolore invidunt est. Erat invidunt consequat. Quis amet no labore ipsum elitr stet blandit clita in sadipscing clita rebum lorem est. Feugait consectetuer sea at in tempor duis sit sit ipsum.\nLorem ut qui eum voluptua diam clita voluptua aliquyam sit zzril clita tempor eum diam. Labore lorem tempor sed amet est sadipscing. Iusto et sadipscing nostrud ipsum. Stet placerat ipsum dolor facilisi eu sed nonummy amet at consetetur diam. Eum labore accusam iusto sed ea. Nonumy diam sed amet kasd sit tempor et diam sed eros. Rebum eirmod elitr duis tempor dolor zzril congue diam dolores nulla labore amet ipsum. Ipsum dolor stet ipsum et nostrud lorem sea ipsum stet laoreet sit clita gubergren illum.\nDiam duis ipsum facilisi diam dolore nam et facilisi lorem lorem. Et at nisl stet dolor aliquyam justo kasd. Erat voluptua nisl lorem stet invidunt eos kasd dolor. Stet kasd accusam.\nEst stet wisi invidunt eirmod amet sit takimata sit lobortis. Eirmod hendrerit et no lorem diam hendrerit vulputate amet erat sea te et duo dolor. Invidunt ut eirmod lorem duis. Nam stet dolore facilisi lorem eos dolore no dolores clita sed dignissim ad iriure tempor.\nDolor hendrerit amet amet no invidunt at kasd tincidunt erat sed labore voluptua magna nulla. Sanctus sed ipsum dolor sea justo ipsum lorem stet dolores consetetur stet elitr placerat. Dolore dolores kasd vero aliquyam praesent ipsum ut eirmod sit. Consequat duo et.\n","publishDate":"2022-01-09T20:22:48.0930166+00:00"},{"id":12,"title":"Book 12","description":"Est erat takimata ea erat vel. Aliquip et dolor adipiscing nihil. Voluptua magna magna takimata dolore aliquam erat sea dolore tempor erat nam in dolore. Erat dolore dolore et vero esse dolore vero sed takimata dolor erat sed.\n","pageCount":1200,"excerpt":"Et ipsum sadipscing sed magna invidunt stet nibh sed nibh. Rebum tation dolores at amet aliquam ea. Tempor dolores erat sit justo aliquip imperdiet amet elitr diam nisl erat ea nisl justo. Adipiscing aliquyam et dolor zzril nibh sanctus liber aliquam sadipscing sed et sed stet. Vel duis rebum clita justo nobis erat ea erat elitr dolores dolores sed ea quis eos delenit. Clita justo voluptua. Takimata nonumy velit est sed diam nisl eirmod duis imperdiet dolore quis hendrerit amet takimata in. In ut lorem sadipscing eirmod vel dolor invidunt iriure sadipscing tempor eirmod magna suscipit et ea diam exerci. Ut eu elitr voluptua duis sanctus dolor ea dolor vulputate kasd.\nSed duis et vero. Eos duo no magna et voluptua amet ipsum nulla amet stet. Nonumy sea consetetur est voluptua magna dolor ut et. Gubergren eos at stet rebum et duo aliquyam lorem eos amet ea elitr et aliquyam labore ipsum. Dolor est ex id no. Dolores elitr sea voluptua sanctus consequat no amet dolore et. Sadipscing no tempor kasd sed. Vero amet rebum clita sed lorem clita nonumy et vero ea et elitr. Ipsum clita nonummy duo dolor vel sed dignissim diam dignissim ut sea autem. Qui takimata tempor consetetur sadipscing kasd et at dolore sit sit lorem sit lobortis aliquip diam clita sed. Consetetur justo ipsum diam dolor ipsum eum tempor sea eirmod at duo dolores. Diam consectetuer duis eos congue et sit facilisi volutpat aliquyam.\nClita sit kasd invidunt sit invidunt magna stet duo dolore magna. Dolor imperdiet dolore et suscipit erat rebum dolore nisl. Nonumy sed no hendrerit vero ut minim commodo luptatum ut molestie et sed duis sit voluptua tempor consetetur. Illum nonumy vel odio et magna amet stet facilisi nobis no vulputate sed praesent magna. Te labore rebum et in justo sanctus est ut ea stet clita clita et duis vero in facilisis sed. Ut dolore wisi commodo gubergren est facilisis sanctus magna eirmod accusam euismod ipsum. Diam erat sea dolor sed eos justo invidunt. Vero consetetur lorem dolore tempor aliquam sea sea dolore sed magna magna erat enim et voluptua invidunt. Dolor justo wisi eirmod justo velit.\nUt lorem elit laoreet sea consetetur invidunt in sed wisi dolore ipsum. Sed dolores stet sit in sed et eirmod sanctus justo sanctus. Delenit lobortis lorem erat consetetur possim eum lobortis amet diam. Iriure sit quod et lorem duis dolor in eum consetetur euismod ipsum stet iriure gubergren amet voluptua eirmod ut. Sanctus consetetur in aliquam consetetur elitr accumsan iriure nulla nisl dolore. Consequat et est tempor ea dolore sanctus at diam gubergren clita ad eros. Et eos amet rebum sit dolor ut labore diam ea erat sit in. Euismod ipsum ipsum ipsum sit tempor nonumy ut consequat. Tempor eirmod molestie dolor. Accusam rebum enim voluptua praesent et ut feugiat consequat amet iusto. Lorem invidunt aliquip vulputate cum consetetur.\nElitr clita voluptua aliquyam eos eos diam praesent. Et nonumy sed odio lorem no dolor duo et sit lorem sea. Stet augue odio est et te euismod et in diam. Gubergren dolor ut sit tincidunt eros sit dolores no labore. Odio consequat sea sit diam eirmod. Magna diam ut magna invidunt justo ut lorem nibh stet sit dolore no dolor dolor amet lorem. Feugait delenit magna invidunt sadipscing dolor consequat voluptua. Feugiat adipiscing invidunt dolore. Invidunt diam esse wisi soluta eum justo id dolore sanctus sed sadipscing diam lorem esse consequat.\n","publishDate":"2022-01-08T20:22:48.0930718+00:00"},{"id":13,"title":"Book 13","description":"Sanctus sed magna vulputate option. Lorem et sanctus amet labore rebum ipsum eos lorem delenit vero eos. Invidunt sed autem sed accusam diam zzril sadipscing tempor in nam. Et stet diam dolor erat at dolor. Ea te ea erat diam dolore ut elitr et minim sit sed. Et dolor sanctus magna odio elitr duo tempor. Dolor laoreet magna dolore. Delenit hendrerit no suscipit et vel eirmod takimata amet erat. Lorem nonumy est vero tempor tincidunt tempor lorem vulputate et voluptua laoreet vel commodo sadipscing.\n","pageCount":1300,"excerpt":"Tation sit at sit clita. Doming voluptua diam takimata duis praesent odio ipsum est amet vel dolor consectetuer ut. Labore nonumy at velit gubergren ut ipsum sanctus soluta nostrud et et tation eos no velit in. Nulla sea dolor et magna ea nihil ullamcorper sit eos vulputate et et dolore. Est justo labore duis voluptua veniam lobortis dolor consequat clita volutpat sit gubergren augue dolor esse et erat sadipscing. Gubergren no vel illum duo sanctus vero facilisis labore lobortis sanctus molestie feugiat clita dolor nonummy. Et nulla at gubergren kasd invidunt justo dolor dolore dolores nonumy in sed dolor justo duo no at.\nKasd gubergren zzril delenit consetetur nobis congue ea tempor eirmod lorem dolor euismod dolores duo nibh doming. Ut et consetetur. Ea dolor et takimata tempor erat eum et nulla ipsum amet dolore eos ut. Sea sea sit et sit vel. Voluptua elit no. Nibh sea et sadipscing et et lorem delenit nonumy sit clita ipsum et.\nAliquyam minim elitr. Sadipscing ea vero eleifend justo et delenit velit invidunt tempor consetetur. Dolor vero nonumy luptatum nulla. Soluta eirmod consetetur at sadipscing sanctus diam dolores nam sea lorem voluptua sadipscing takimata sit et. Erat diam eu dolores ullamcorper takimata nibh labore et duo et. Est consetetur vel at ipsum congue nisl duis nonumy vulputate aliquyam sea duo et eos tation dolor lorem consetetur. Sadipscing stet est consetetur nonumy ut diam labore amet euismod justo ipsum nihil feugiat consetetur justo. Erat invidunt dolore erat sit labore luptatum et.\nUt sit laoreet. Et dolore vulputate diam et duo at et eos et exerci quod sadipscing sed amet. Nonumy at nonumy sanctus diam eirmod takimata sed erat molestie delenit kasd takimata sit molestie sed et ea. Vel nulla vero et gubergren invidunt labore duo velit dolor sea erat nonumy tempor eirmod justo. Gubergren voluptua minim voluptua invidunt tempor aliquyam tation duo ut no sadipscing sadipscing nonumy duis vero. Diam consequat erat sit no et diam sit duo duis tempor gubergren invidunt dignissim accusam gubergren elitr. Feugiat duo eirmod et dolor ut erat volutpat diam nam ut dolores et ipsum sit ipsum tempor rebum voluptua. Eirmod in elitr. Diam sed sea in amet feugiat et sed sea ut stet labore facilisi kasd elit dolor dolor. Dolores lorem tempor sadipscing commodo eirmod et sed. Consetetur dolore labore no magna nonumy adipiscing facilisis sadipscing wisi nulla ipsum. Sit consectetuer et justo ut sed erat ex et sit kasd no.\nKasd nonummy consetetur consetetur gubergren kasd dolor in dolor at diam. Luptatum kasd et erat diam duo eirmod et labore et. Eirmod in nam et lobortis adipiscing tempor. Lorem justo erat sed ad. Sanctus rebum invidunt diam lorem. Vero dolor sit liber sanctus et. Sea velit facilisi vel diam ipsum quod lorem accumsan. Praesent dolor voluptua sed ipsum stet accumsan et sea ipsum clita sea est et et est feugait accusam. Sit no sadipscing sanctus. Et dolores sanctus. Euismod ea hendrerit vel sadipscing justo clita et ex magna et et rebum lorem sit nulla invidunt. Sit vel et ut gubergren feugait eirmod dolore nonumy diam et ullamcorper dolore voluptua nostrud vel hendrerit euismod sit.\n","publishDate":"2022-01-07T20:22:48.0931291+00:00"},{"id":14,"title":"Book 14","description":"At erat ea. Velit ea tempor lorem nonumy takimata veniam dolor amet aliquip eos at sit vero. No soluta tation ipsum. Amet lorem sed at ut nonumy velit justo accusam esse aliquyam in. Nonumy stet veniam dolor sea. Takimata sit at. In lorem sed duo facilisis dolor nonumy dolores sanctus nonumy consetetur clita blandit clita sea sed sed. Commodo dolore minim nihil no adipiscing est ipsum. Dolores qui et et dolor dolor wisi. Ipsum sit quis sanctus ut no feugiat amet dolores gubergren iusto no dolor lorem. Ipsum lorem dolor duo justo eirmod aliquip takimata. Vero aliquip augue ea quis vel dolore diam sea congue takimata clita et ea. Zzril lobortis magna clita rebum takimata aliquyam at erat invidunt sea odio iriure. Sit aliquyam sea accusam nonummy sit voluptua et vero. Dolor sit labore sed ad eos lobortis et. Dolores minim hendrerit erat consetetur lorem erat lorem option dolores tempor diam stet. Illum nihil at ut consetetur accusam. Magna ipsum elit amet rebum.\n","pageCount":1400,"excerpt":"Consequat invidunt sadipscing sed assum ut takimata accusam cum sadipscing eirmod facilisi rebum sit erat accusam accusam dolor. Magna doming nulla erat nihil sed ea sanctus lorem eros dolor amet sanctus nisl erat dolore. Vero elit eleifend.\nEst voluptua ipsum accumsan diam nonumy diam sadipscing vero tempor et ipsum nulla. Kasd lobortis magna ut invidunt nonumy. At at feugait nam ullamcorper consequat autem accusam justo dolore dolor sed diam ut takimata ut diam diam. Adipiscing eirmod duo ea gubergren accusam ipsum ipsum feugait invidunt lorem sed diam molestie.\nSea est nostrud et clita ut qui zzril dolor et consetetur. Liber sadipscing sea dolore rebum accusam sit amet lobortis stet zzril minim voluptua sed sadipscing rebum rebum cum. Feugiat elitr duis hendrerit ipsum sit. Est at clita kasd.\nLorem augue invidunt invidunt eos wisi dolore zzril. Gubergren nonumy consetetur et. Sit accusam tempor voluptua ad. Sadipscing et vero consetetur dolore stet diam ea. Amet rebum illum nibh ut et est blandit iusto ipsum at nonummy no facilisi est et kasd diam. Gubergren dolor eleifend no feugiat laoreet wisi diam. No et kasd amet enim eu est sanctus dolor ut magna stet. Et lorem et kasd dolor et te mazim magna sit diam sadipscing ut vulputate dolore. Vero dolor velit ullamcorper. Sit eirmod sanctus nonumy. Volutpat facilisi vulputate est enim eirmod nulla. Et et erat sed erat sed ea sit et. Magna consetetur no diam gubergren ea aliquyam nulla est sea eleifend voluptua sadipscing et eos mazim consequat. Et dolor consetetur.\nNonumy hendrerit clita eu sadipscing tempor nulla diam diam voluptua sea sed et dolor et zzril et iusto. Nonummy voluptua nulla ut justo justo aliquyam diam dolor erat ea. Et diam eos dolore dolor et kasd dolore amet consequat takimata ut euismod dignissim iusto. Eu et nisl erat dolore aliquyam qui labore kasd accumsan ipsum. Et lorem congue vero nulla sit placerat nobis enim. Ut tempor amet sit et stet sanctus diam aliquyam tempor et sed tempor sea. Clita ut lorem eos illum sea amet luptatum et illum exerci amet et lorem ipsum dignissim.\n","publishDate":"2022-01-06T20:22:48.0931786+00:00"},{"id":15,"title":"Book 15","description":"At sadipscing magna duo eros ut et vero accusam at. In sadipscing accusam est sanctus voluptua veniam et diam erat sanctus tempor nonumy. Sit est eirmod stet et aliquyam iriure lorem tempor option invidunt autem ut stet gubergren. Erat wisi justo dolor ipsum. Consetetur accusam ut gubergren et. Dolor feugait clita hendrerit tempor eos aliquam dolores vero eros autem aliquyam dolor sed. Sed ut elitr eos luptatum sed eum eum tempor diam consequat ut sadipscing sit voluptua elitr.\n","pageCount":1500,"excerpt":"Et suscipit nostrud eos suscipit lorem rebum lorem dignissim iriure. Eos diam est justo ipsum wisi augue sea. Dolor ea ullamcorper sed sit consetetur qui amet dolores takimata. Dolores magna et lorem diam augue. Dolor dolore dolor commodo magna amet labore duo ex iriure in. Ipsum vero lorem gubergren iusto sanctus congue odio sanctus clita dolore gubergren. Sed voluptua assum sit consetetur takimata tempor magna vel aliquyam facilisis ea labore. Sea nostrud velit labore dolor amet molestie tempor autem ut ea et commodo tempor in magna velit et amet. Sit duo eirmod sed consectetuer sed feugiat dolor lobortis soluta rebum clita exerci lorem clita. Ex ipsum sadipscing. Sit erat consetetur rebum sed lorem delenit tempor rebum dolor diam. Lorem sanctus stet adipiscing sanctus at in. Sed sed lorem gubergren voluptua ipsum rebum duo amet consetetur duo consetetur dolores lorem. Eirmod no erat amet et velit wisi aliquyam praesent diam nulla sea vel diam stet magna vero. Erat gubergren labore kasd voluptua tempor minim duo. Amet lorem voluptua lorem sadipscing enim takimata nobis et aliquyam dolore dolore. Rebum stet feugait elitr dolor eros lorem praesent et.\nLuptatum luptatum at elitr et et rebum sed dolor. Stet dolor invidunt sed consetetur tation iusto zzril laoreet vel accusam. At nulla dolore. Stet lorem sit. Et et et eum dolor sed et amet est dolor et. Vero clita eos suscipit sed et accusam amet magna sed erat est. Justo vero dolore at amet clita dolores. Invidunt lorem no amet esse et justo iriure sea elitr te voluptua. No sed nobis autem nonumy odio ut et dolore vero in. Nulla erat suscipit clita ipsum eirmod nulla ea tempor ipsum eos. Stet ipsum et sea eos quis diam diam dolor facilisi dolor elitr tempor blandit vero. Tempor stet at vel et qui ut et et et. Sed nulla vero clita diam amet at takimata liber erat eirmod zzril ad in luptatum aliquyam.\nDolore amet zzril. Iriure ut et elitr voluptua erat diam eum sea sit accumsan hendrerit justo ipsum ut aliquip amet duis. Tempor consetetur stet accusam. Stet accusam sit sea vulputate duo aliquyam amet nonumy et sit. Dolore minim euismod velit magna et sadipscing ut duo zzril ipsum erat dolores sanctus molestie. Sed facilisis clita no lorem erat elitr et. Gubergren rebum wisi et aliquyam zzril eum tempor no lorem consectetuer dolore duis consequat diam. Odio labore facilisi et diam lorem nonumy wisi eirmod blandit dolore. Luptatum sit dolor consequat erat sadipscing vulputate.\nEos molestie ipsum et gubergren quis consectetuer duis gubergren lorem nonumy clita et labore elit. Labore nonummy nulla augue at ut sit iusto sed duo accusam voluptua. Erat nulla aliquam ut nonumy sanctus. Suscipit invidunt at erat aliquyam dolore option. Justo lorem eirmod vero nonumy dolor elitr elit justo eu duo sit hendrerit nonumy. Sadipscing volutpat nulla sed et consectetuer clita dolore zzril dolor labore est kasd ut accusam dolor.\nElitr eos takimata. Volutpat congue ipsum et quis no delenit consetetur. Justo voluptua diam elit ea diam sed vel elitr ea stet clita ut eos feugait ut no. Dolor justo gubergren at duo dolor euismod nulla ea consequat consetetur elitr duis duo. Diam suscipit dolor sit amet accusam gubergren clita elitr hendrerit eu takimata velit. Nonumy clita et nulla qui. Clita imperdiet erat duo feugait ad dolor ipsum at eum clita dolor elitr voluptua veniam. Sit odio aliquip duis aliquyam lorem. No erat dolor takimata veniam justo. Euismod eu invidunt lorem ipsum no clita volutpat. Dolor amet enim magna takimata accusam dolore aliquyam gubergren velit nulla soluta et. Stet et sadipscing nonumy et invidunt eos ipsum eos qui stet voluptua justo clita dolor. Dolores in magna in est clita vero sed ipsum. Eirmod sanctus magna. Aliquyam ut in tempor et voluptua euismod. Ut et sanctus est duo dolor iusto diam option gubergren gubergren sed iriure consetetur duis. Sit ea lorem stet dolor ma
[...]
</kw>
<kw name="Conferir o reason" library="ResourceAPI">
<arg>OK</arg>
<kw name="Should Be Equal As Strings" library="BuiltIn">
<arg>${RESPOSTA.reason}</arg>
<arg>${REASON_DESEJADO}</arg>
<doc>Fails if objects are unequal after converting them to strings.</doc>
<status status="PASS" starttime="20220120 17:22:54.634" endtime="20220120 17:22:54.635"/>
</kw>
<status status="PASS" starttime="20220120 17:22:54.633" endtime="20220120 17:22:54.635"/>
</kw>
<kw name="Conferir se retorna todos os dados corretos do livro 15" library="ResourceAPI">
<kw name="Dictionary Should Contain Item" library="Collections">
<arg>${RESPOSTA.json()}</arg>
<arg>id</arg>
<arg>${BOOK_15.id}</arg>
<doc>An item of ``key`` / ``value`` must be found in a ``dictionary``.</doc>
<status status="PASS" starttime="20220120 17:22:54.636" endtime="20220120 17:22:54.637"/>
</kw>
<kw name="Dictionary Should Contain Item" library="Collections">
<arg>${RESPOSTA.json()}</arg>
<arg>title</arg>
<arg>${BOOK_15.title}</arg>
<doc>An item of ``key`` / ``value`` must be found in a ``dictionary``.</doc>
<status status="PASS" starttime="20220120 17:22:54.637" endtime="20220120 17:22:54.639"/>
</kw>
<kw name="Dictionary Should Contain Item" library="Collections">
<arg>${RESPOSTA.json()}</arg>
<arg>pageCount</arg>
<arg>${BOOK_15.pageCount}</arg>
<doc>An item of ``key`` / ``value`` must be found in a ``dictionary``.</doc>
<status status="PASS" starttime="20220120 17:22:54.639" endtime="20220120 17:22:54.640"/>
</kw>
<kw name="Should Not Be Empty" library="BuiltIn">
<arg>${RESPOSTA.json()["description"]}</arg>
<doc>Verifies that the given item is not empty.</doc>
<msg timestamp="20220120 17:22:54.641" level="INFO">Length is 934</msg>
<status status="PASS" starttime="20220120 17:22:54.640" endtime="20220120 17:22:54.641"/>
</kw>
<kw name="Should Not Be Empty" library="BuiltIn">
<arg>${RESPOSTA.json()["excerpt"]}</arg>
<doc>Verifies that the given item is not empty.</doc>
<msg timestamp="20220120 17:22:54.642" level="INFO">Length is 3939</msg>
<status status="PASS" starttime="20220120 17:22:54.641" endtime="20220120 17:22:54.642"/>
</kw>
<kw name="Should Not Be Empty" library="BuiltIn">
<arg>${RESPOSTA.json()["publishDate"]}</arg>
<doc>Verifies that the given item is not empty.</doc>
<msg timestamp="20220120 17:22:54.643" level="INFO">Length is 33</msg>
<status status="PASS" starttime="20220120 17:22:54.642" endtime="20220120 17:22:54.643"/>
</kw>
<status status="PASS" starttime="20220120 17:22:54.636" endtime="20220120 17:22:54.643"/>
</kw>
<status status="PASS" starttime="20220120 17:22:54.368" endtime="20220120 17:22:54.644"/>
</test>
<test id="s1-t3" name="Cadastrar um novo livro (POST)">
<kw name="Cadastrar um novo livro" library="ResourceAPI">
<kw name="Post Request" library="RequestsLibrary">
<var>${RESPOSTA}</var>
<arg>fakeAPI</arg>
<arg>Books</arg>
<arg>data={"ID": ${BOOK_201.id},"Title": "${BOOK_201.title}","Description": "${BOOK_201.description}","PageCount": ${BOOK_201.pageCount},"Excerpt": "${BOOK_201.excerpt}","PublishDate": "${BOOK_201.publishDate}"}</arg>
<arg>headers=${HEADERS}</arg>
<doc>Send a POST request on the session object found using the
given `alias`</doc>
<msg timestamp="20220120 17:22:54.854" level="INFO">POST Request : url=https://fakerestapi.azurewebsites.net/api/v1//Books 
 path_url=/api/v1//Books 
 headers={'User-Agent': 'python-requests/2.24.0', 'Accept-Encoding': 'gzip, deflate', 'Accept': '*/*', 'Connection': 'keep-alive', 'content-type': 'application/json', 'Content-Length': '168'} 
 body=b'{"ID": 1212,"Title": "TesteNovoLIvro","Description": "newbooksdescription","PageCount": 1000,"Excerpt": "newbooksdescription","PublishDate": "2018-04-26T17:58:14.765Z"}' 
 </msg>
<msg timestamp="20220120 17:22:54.854" level="INFO">POST Response : url=https://fakerestapi.azurewebsites.net/api/v1//Books 
 status=200, reason=OK 
 body={"id":1212,"title":"TesteNovoLIvro","description":"newbooksdescription","pageCount":1000,"excerpt":"newbooksdescription","publishDate":"2018-04-26T17:58:14.765Z"} 
 </msg>
<msg timestamp="20220120 17:22:54.854" level="INFO">C:\Users\Abner Rodrigues\AppData\Local\Programs\Python\Python38\lib\site-packages\urllib3\connectionpool.py:981: InsecureRequestWarning: Unverified HTTPS request is being made to host 'fakerestapi.azurewebsites.net'. Adding certificate verification is strongly advised. See: https://urllib3.readthedocs.io/en/latest/advanced-usage.html#ssl-warnings
  warnings.warn(</msg>
<msg timestamp="20220120 17:22:54.854" level="INFO">${RESPOSTA} = &lt;Response [200]&gt;</msg>
<status status="PASS" starttime="20220120 17:22:54.647" endtime="20220120 17:22:54.854"/>
</kw>
<kw name="Log" library="BuiltIn">
<arg>${RESPOSTA.text}</arg>
<doc>Logs the given message with the given level.</doc>
<msg timestamp="20220120 17:22:54.868" level="INFO">{"id":1212,"title":"TesteNovoLIvro","description":"newbooksdescription","pageCount":1000,"excerpt":"newbooksdescription","publishDate":"2018-04-26T17:58:14.765Z"}</msg>
<status status="PASS" starttime="20220120 17:22:54.854" endtime="20220120 17:22:54.868"/>
</kw>
<kw name="Set Test Variable" library="BuiltIn">
<arg>${RESPOSTA}</arg>
<doc>Makes a variable available everywhere within the scope of the current test.</doc>
<msg timestamp="20220120 17:22:54.869" level="INFO">${RESPOSTA} = &lt;Response [200]&gt;</msg>
<status status="PASS" starttime="20220120 17:22:54.868" endtime="20220120 17:22:54.869"/>
</kw>
<status status="PASS" starttime="20220120 17:22:54.646" endtime="20220120 17:22:54.869"/>
</kw>
<kw name="Conferir status code" library="ResourceAPI">
<arg>200</arg>
<kw name="Should Be Equal As Strings" library="BuiltIn">
<arg>${RESPOSTA.status_code}</arg>
<arg>${STATUSCODE_DESEJADO}</arg>
<doc>Fails if objects are unequal after converting them to strings.</doc>
<msg timestamp="20220120 17:22:54.872" level="INFO">Argument types are:
&lt;class 'int'&gt;
&lt;type 'unicode'&gt;</msg>
<status status="PASS" starttime="20220120 17:22:54.870" endtime="20220120 17:22:54.872"/>
</kw>
<status status="PASS" starttime="20220120 17:22:54.870" endtime="20220120 17:22:54.872"/>
</kw>
<kw name="Conferir o reason" library="ResourceAPI">
<arg>OK</arg>
<kw name="Should Be Equal As Strings" library="BuiltIn">
<arg>${RESPOSTA.reason}</arg>
<arg>${REASON_DESEJADO}</arg>
<doc>Fails if objects are unequal after converting them to strings.</doc>
<status status="PASS" starttime="20220120 17:22:54.873" endtime="20220120 17:22:54.874"/>
</kw>
<status status="PASS" starttime="20220120 17:22:54.873" endtime="20220120 17:22:54.874"/>
</kw>
<kw name="Conferir se retorna todos os dados do livro &quot;201&quot;" library="ResourceAPI" sourcename="Conferir se retorna todos os dados do livro &quot;${ID_LIVRO}&quot;">
<kw name="Conferir livro" library="ResourceAPI">
<arg>${ID_LIVRO}</arg>
<kw name="Dictionary Should Contain Item" library="Collections">
<arg>${RESPOSTA.json()}</arg>
<arg>id</arg>
<arg>${BOOK_${ID_LIVRO}.id}</arg>
<doc>An item of ``key`` / ``value`` must be found in a ``dictionary``.</doc>
<status status="PASS" starttime="20220120 17:22:54.876" endtime="20220120 17:22:54.877"/>
</kw>
<kw name="Dictionary Should Contain Item" library="Collections">
<arg>${RESPOSTA.json()}</arg>
<arg>title</arg>
<arg>${BOOK_${ID_LIVRO}.title}</arg>
<doc>An item of ``key`` / ``value`` must be found in a ``dictionary``.</doc>
<status status="PASS" starttime="20220120 17:22:54.877" endtime="20220120 17:22:54.879"/>
</kw>
<kw name="Dictionary Should Contain Item" library="Collections">
<arg>${RESPOSTA.json()}</arg>
<arg>description</arg>
<arg>${BOOK_${ID_LIVRO}.description}</arg>
<doc>An item of ``key`` / ``value`` must be found in a ``dictionary``.</doc>
<status status="PASS" starttime="20220120 17:22:54.879" endtime="20220120 17:22:54.880"/>
</kw>
<kw name="Dictionary Should Contain Item" library="Collections">
<arg>${RESPOSTA.json()}</arg>
<arg>pageCount</arg>
<arg>${BOOK_${ID_LIVRO}.pageCount}</arg>
<doc>An item of ``key`` / ``value`` must be found in a ``dictionary``.</doc>
<status status="PASS" starttime="20220120 17:22:54.880" endtime="20220120 17:22:54.882"/>
</kw>
<kw name="Dictionary Should Contain Item" library="Collections">
<arg>${RESPOSTA.json()}</arg>
<arg>excerpt</arg>
<arg>${BOOK_${ID_LIVRO}.excerpt}</arg>
<doc>An item of ``key`` / ``value`` must be found in a ``dictionary``.</doc>
<status status="PASS" starttime="20220120 17:22:54.882" endtime="20220120 17:22:54.884"/>
</kw>
<kw name="Dictionary Should Contain Item" library="Collections">
<arg>${RESPOSTA.json()}</arg>
<arg>publishDate</arg>
<arg>${BOOK_${ID_LIVRO}.publishDate}</arg>
<doc>An item of ``key`` / ``value`` must be found in a ``dictionary``.</doc>
<status status="PASS" starttime="20220120 17:22:54.884" endtime="20220120 17:22:54.885"/>
</kw>
<status status="PASS" starttime="20220120 17:22:54.875" endtime="20220120 17:22:54.886"/>
</kw>
<status status="PASS" starttime="20220120 17:22:54.875" endtime="20220120 17:22:54.886"/>
</kw>
<status status="PASS" starttime="20220120 17:22:54.645" endtime="20220120 17:22:54.886"/>
</test>
<test id="s1-t4" name="Alterar um livro (PUT)">
<kw name="Alterar o livro &quot;50&quot;" library="ResourceAPI" sourcename="Alterar o livro ${ID_LIVRO}">
<kw name="Post Request" library="RequestsLibrary">
<var>${RESPOSTA}</var>
<arg>fakeAPI</arg>
<arg>Books</arg>
<arg>data={"ID": ${BOOK_50.id},"Title": "${BOOK_50.title}","Description": "${BOOK_50.description}","PageCount": ${BOOK_50.pageCount},"Excerpt": "${BOOK_50.excerpt}","PublishDate": "${BOOK_50.publishDate}"}</arg>
<arg>headers=${HEADERS}</arg>
<doc>Send a POST request on the session object found using the
given `alias`</doc>
<msg timestamp="20220120 17:22:55.108" level="INFO">POST Request : url=https://fakerestapi.azurewebsites.net/api/v1//Books 
 path_url=/api/v1//Books 
 headers={'User-Agent': 'python-requests/2.24.0', 'Accept-Encoding': 'gzip, deflate', 'Accept': '*/*', 'Connection': 'keep-alive', 'content-type': 'application/json', 'Content-Length': '206'} 
 body=b'{"ID": 50,"Title": "Altera\xc3\xa7\xc3\xa3odesselvioTesteNovoLIvro","Description": "newbooksdescriptionalteration","PageCount": 1000,"Excerpt": "newbooksdescriptionalteration","PublishDate": "2018-04-26T17:58:14.765Z"}' 
 </msg>
<msg timestamp="20220120 17:22:55.108" level="INFO">POST Response : url=https://fakerestapi.azurewebsites.net/api/v1//Books 
 status=200, reason=OK 
 body={"id":50,"title":"AlteraçãodesselvioTesteNovoLIvro","description":"newbooksdescriptionalteration","pageCount":1000,"excerpt":"newbooksdescriptionalteration","publishDate":"2018-04-26T17:58:14.765Z"} 
 </msg>
<msg timestamp="20220120 17:22:55.108" level="INFO">C:\Users\Abner Rodrigues\AppData\Local\Programs\Python\Python38\lib\site-packages\urllib3\connectionpool.py:981: InsecureRequestWarning: Unverified HTTPS request is being made to host 'fakerestapi.azurewebsites.net'. Adding certificate verification is strongly advised. See: https://urllib3.readthedocs.io/en/latest/advanced-usage.html#ssl-warnings
  warnings.warn(</msg>
<msg timestamp="20220120 17:22:55.108" level="INFO">${RESPOSTA} = &lt;Response [200]&gt;</msg>
<status status="PASS" starttime="20220120 17:22:54.889" endtime="20220120 17:22:55.108"/>
</kw>
<kw name="Log" library="BuiltIn">
<arg>${RESPOSTA.text}</arg>
<doc>Logs the given message with the given level.</doc>
<msg timestamp="20220120 17:22:55.113" level="INFO">{"id":50,"title":"AlteraçãodesselvioTesteNovoLIvro","description":"newbooksdescriptionalteration","pageCount":1000,"excerpt":"newbooksdescriptionalteration","publishDate":"2018-04-26T17:58:14.765Z"}</msg>
<status status="PASS" starttime="20220120 17:22:55.108" endtime="20220120 17:22:55.113"/>
</kw>
<kw name="Set Test Variable" library="BuiltIn">
<arg>${RESPOSTA}</arg>
<doc>Makes a variable available everywhere within the scope of the current test.</doc>
<msg timestamp="20220120 17:22:55.114" level="INFO">${RESPOSTA} = &lt;Response [200]&gt;</msg>
<status status="PASS" starttime="20220120 17:22:55.113" endtime="20220120 17:22:55.114"/>
</kw>
<status status="PASS" starttime="20220120 17:22:54.889" endtime="20220120 17:22:55.114"/>
</kw>
<kw name="Conferir status code" library="ResourceAPI">
<arg>200</arg>
<kw name="Should Be Equal As Strings" library="BuiltIn">
<arg>${RESPOSTA.status_code}</arg>
<arg>${STATUSCODE_DESEJADO}</arg>
<doc>Fails if objects are unequal after converting them to strings.</doc>
<msg timestamp="20220120 17:22:55.116" level="INFO">Argument types are:
&lt;class 'int'&gt;
&lt;type 'unicode'&gt;</msg>
<status status="PASS" starttime="20220120 17:22:55.115" endtime="20220120 17:22:55.116"/>
</kw>
<status status="PASS" starttime="20220120 17:22:55.115" endtime="20220120 17:22:55.116"/>
</kw>
<kw name="Conferir o reason" library="ResourceAPI">
<arg>OK</arg>
<kw name="Should Be Equal As Strings" library="BuiltIn">
<arg>${RESPOSTA.reason}</arg>
<arg>${REASON_DESEJADO}</arg>
<doc>Fails if objects are unequal after converting them to strings.</doc>
<status status="PASS" starttime="20220120 17:22:55.117" endtime="20220120 17:22:55.118"/>
</kw>
<status status="PASS" starttime="20220120 17:22:55.117" endtime="20220120 17:22:55.118"/>
</kw>
<kw name="Conferir se retorna todos os dados ALTERADOS do livro &quot;50&quot;" library="ResourceAPI" sourcename="Conferir se retorna todos os dados ALTERADOS do livro &quot;${ID_LIVRO}&quot;">
<kw name="Conferir livro" library="ResourceAPI">
<arg>${ID_LIVRO}</arg>
<kw name="Dictionary Should Contain Item" library="Collections">
<arg>${RESPOSTA.json()}</arg>
<arg>id</arg>
<arg>${BOOK_${ID_LIVRO}.id}</arg>
<doc>An item of ``key`` / ``value`` must be found in a ``dictionary``.</doc>
<status status="PASS" starttime="20220120 17:22:55.119" endtime="20220120 17:22:55.121"/>
</kw>
<kw name="Dictionary Should Contain Item" library="Collections">
<arg>${RESPOSTA.json()}</arg>
<arg>title</arg>
<arg>${BOOK_${ID_LIVRO}.title}</arg>
<doc>An item of ``key`` / ``value`` must be found in a ``dictionary``.</doc>
<status status="PASS" starttime="20220120 17:22:55.121" endtime="20220120 17:22:55.122"/>
</kw>
<kw name="Dictionary Should Contain Item" library="Collections">
<arg>${RESPOSTA.json()}</arg>
<arg>description</arg>
<arg>${BOOK_${ID_LIVRO}.description}</arg>
<doc>An item of ``key`` / ``value`` must be found in a ``dictionary``.</doc>
<status status="PASS" starttime="20220120 17:22:55.122" endtime="20220120 17:22:55.124"/>
</kw>
<kw name="Dictionary Should Contain Item" library="Collections">
<arg>${RESPOSTA.json()}</arg>
<arg>pageCount</arg>
<arg>${BOOK_${ID_LIVRO}.pageCount}</arg>
<doc>An item of ``key`` / ``value`` must be found in a ``dictionary``.</doc>
<status status="PASS" starttime="20220120 17:22:55.124" endtime="20220120 17:22:55.126"/>
</kw>
<kw name="Dictionary Should Contain Item" library="Collections">
<arg>${RESPOSTA.json()}</arg>
<arg>excerpt</arg>
<arg>${BOOK_${ID_LIVRO}.excerpt}</arg>
<doc>An item of ``key`` / ``value`` must be found in a ``dictionary``.</doc>
<status status="PASS" starttime="20220120 17:22:55.126" endtime="20220120 17:22:55.127"/>
</kw>
<kw name="Dictionary Should Contain Item" library="Collections">
<arg>${RESPOSTA.json()}</arg>
<arg>publishDate</arg>
<arg>${BOOK_${ID_LIVRO}.publishDate}</arg>
<doc>An item of ``key`` / ``value`` must be found in a ``dictionary``.</doc>
<status status="PASS" starttime="20220120 17:22:55.128" endtime="20220120 17:22:55.130"/>
</kw>
<status status="PASS" starttime="20220120 17:22:55.119" endtime="20220120 17:22:55.130"/>
</kw>
<status status="PASS" starttime="20220120 17:22:55.118" endtime="20220120 17:22:55.130"/>
</kw>
<status status="PASS" starttime="20220120 17:22:54.888" endtime="20220120 17:22:55.131"/>
</test>
<test id="s1-t5" name="Deletar um livro (DELETE)">
<kw name="Excluir o livro &quot;10&quot;" library="ResourceAPI" sourcename="Excluir o livro &quot;${ID_LIVRO}&quot;">
<kw name="Delete Request" library="RequestsLibrary">
<var>${RESPOSTA}</var>
<arg>FakeAPI</arg>
<arg>Books/${ID_LIVRO}</arg>
<doc>Send a DELETE request on the session object found using the
given `alias`</doc>
<msg timestamp="20220120 17:22:55.337" level="INFO">DELETE Request : url=https://fakerestapi.azurewebsites.net/api/v1//Books/10 
 path_url=/api/v1//Books/10 
 headers={'User-Agent': 'python-requests/2.24.0', 'Accept-Encoding': 'gzip, deflate', 'Accept': '*/*', 'Connection': 'keep-alive', 'Content-Length': '0'} 
 body=None 
 </msg>
<msg timestamp="20220120 17:22:55.337" level="INFO">DELETE Response : url=https://fakerestapi.azurewebsites.net/api/v1//Books/10 
 status=200, reason=OK 
 body=None 
 </msg>
<msg timestamp="20220120 17:22:55.337" level="INFO">C:\Users\Abner Rodrigues\AppData\Local\Programs\Python\Python38\lib\site-packages\urllib3\connectionpool.py:981: InsecureRequestWarning: Unverified HTTPS request is being made to host 'fakerestapi.azurewebsites.net'. Adding certificate verification is strongly advised. See: https://urllib3.readthedocs.io/en/latest/advanced-usage.html#ssl-warnings
  warnings.warn(</msg>
<msg timestamp="20220120 17:22:55.337" level="INFO">${RESPOSTA} = &lt;Response [200]&gt;</msg>
<status status="PASS" starttime="20220120 17:22:55.133" endtime="20220120 17:22:55.337"/>
</kw>
<kw name="Log" library="BuiltIn">
<arg>${RESPOSTA.text}</arg>
<doc>Logs the given message with the given level.</doc>
<msg timestamp="20220120 17:22:55.349" level="INFO"/>
<status status="PASS" starttime="20220120 17:22:55.337" endtime="20220120 17:22:55.349"/>
</kw>
<kw name="Set Test Variable" library="BuiltIn">
<arg>${RESPOSTA}</arg>
<doc>Makes a variable available everywhere within the scope of the current test.</doc>
<msg timestamp="20220120 17:22:55.350" level="INFO">${RESPOSTA} = &lt;Response [200]&gt;</msg>
<status status="PASS" starttime="20220120 17:22:55.350" endtime="20220120 17:22:55.350"/>
</kw>
<status status="PASS" starttime="20220120 17:22:55.133" endtime="20220120 17:22:55.350"/>
</kw>
<kw name="Conferir status code" library="ResourceAPI">
<arg>200</arg>
<kw name="Should Be Equal As Strings" library="BuiltIn">
<arg>${RESPOSTA.status_code}</arg>
<arg>${STATUSCODE_DESEJADO}</arg>
<doc>Fails if objects are unequal after converting them to strings.</doc>
<msg timestamp="20220120 17:22:55.353" level="INFO">Argument types are:
&lt;class 'int'&gt;
&lt;type 'unicode'&gt;</msg>
<status status="PASS" starttime="20220120 17:22:55.351" endtime="20220120 17:22:55.353"/>
</kw>
<status status="PASS" starttime="20220120 17:22:55.351" endtime="20220120 17:22:55.353"/>
</kw>
<kw name="Conferir o reason" library="ResourceAPI">
<arg>OK</arg>
<kw name="Should Be Equal As Strings" library="BuiltIn">
<arg>${RESPOSTA.reason}</arg>
<arg>${REASON_DESEJADO}</arg>
<doc>Fails if objects are unequal after converting them to strings.</doc>
<status status="PASS" starttime="20220120 17:22:55.354" endtime="20220120 17:22:55.355"/>
</kw>
<status status="PASS" starttime="20220120 17:22:55.353" endtime="20220120 17:22:55.355"/>
</kw>
<kw name="Conferir se exclui o livro &quot;10&quot;" library="ResourceAPI" sourcename="Conferir se exclui o livro &quot;${ID_LIVRO}&quot;">
<kw name="Should Be Empty" library="BuiltIn">
<arg>${RESPOSTA.content}</arg>
<doc>Verifies that the given item is empty.</doc>
<msg timestamp="20220120 17:22:55.357" level="INFO">Length is 0</msg>
<status status="PASS" starttime="20220120 17:22:55.356" endtime="20220120 17:22:55.357"/>
</kw>
<status status="PASS" starttime="20220120 17:22:55.355" endtime="20220120 17:22:55.357"/>
</kw>
<status status="PASS" starttime="20220120 17:22:55.132" endtime="20220120 17:22:55.357"/>
</test>
<doc>Documentação da API: https://fakerestapi.azurewebsites.net/api/v1/</doc>
<status status="PASS" starttime="20220120 17:22:46.370" endtime="20220120 17:22:55.359"/>
</suite>
<statistics>
<total>
<stat pass="5" fail="0" skip="0">All Tests</stat>
</total>
<tag>
</tag>
<suite>
<stat pass="5" fail="0" skip="0" id="s1" name="TestsCasesAPIBooks">TestsCasesAPIBooks</stat>
</suite>
</statistics>
<errors>
</errors>
</robot>
